<?xml version="1.0" encoding="utf-8"?><testsuites name="pytest tests"><testsuite name="pytest" errors="0" failures="0" skipped="0" tests="66" time="8.007" timestamp="2025-11-18T18:37:02.399047+00:00" hostname="runnervmg1sw1"><testcase classname="tests.conftest" name="PYDOCSTYLE" time="0.015" /><testcase classname="tests.conftest" name="ISORT" time="0.106" /><testcase classname="tests.conftest" name="black" time="0.318" /><testcase classname="tests.test_generators" name="ISORT" time="0.041" /><testcase classname="tests.test_generators" name="black" time="0.197" /><testcase classname="tests.test_generators" name="test_generator" time="0.001" /><testcase classname="tests.test_generators" name="test_any_user" time="0.001" /><testcase classname="tests.test_generators" name="test_disable" time="0.001" /><testcase classname="tests.test_generators" name="test_system_process" time="0.001" /><testcase classname="tests.test_generators" name="test_system_process_without_superuser" time="1.730" /><testcase classname="tests.test_generators" name="test_record_owner" time="0.001" /><testcase classname="tests.test_generators" name="test_any_user_if_public" time="0.001" /><testcase classname="tests.test_generators" name="test_authenticateduser" time="0.001" /><testcase classname="tests.test_generators" name="test_allowedbyaccesslevels_metadata_curator[read]" time="0.001" /><testcase classname="tests.test_generators" name="test_allowedbyaccesslevels_metadata_curator[update]" time="0.001" /><testcase classname="tests.test_generators" name="test_allowedbyaccesslevels_metadata_curator[delete]" time="0.001" /><testcase classname="tests.test_generators" name="test_allowedbyaccesslevels_query_filter" time="0.001" /><testcase classname="tests.test_generators" name="test_conditional" time="0.001" /><testcase classname="tests.test_generators" name="test_ifconfig" time="0.015" /><testcase classname="tests.test_generators" name="test_admin_action" time="0.186" /><testcase classname="tests.test_invenio_records_permissions" name="ISORT" time="0.012" /><testcase classname="tests.test_invenio_records_permissions" name="black" time="0.153" /><testcase classname="tests.test_invenio_records_permissions" name="test_version" time="0.001" /><testcase classname="tests.test_invenio_records_permissions" name="test_init" time="0.004" /><testcase classname="tests.test_permissions_base" name="ISORT" time="0.020" /><testcase classname="tests.test_permissions_base" name="black" time="0.168" /><testcase classname="tests.test_permissions_base" name="test_base_permission_policy_generators" time="0.724" /><testcase classname="tests.test_permissions_base" name="test_permission_policy_generators" time="0.001" /><testcase classname="tests.test_permissions_base" name="test_permission_policy_needs_excludes" time="0.194" /><testcase classname="tests.test_permissions_base" name="test_permission_policy_query_filters" time="0.164" /><testcase classname="tests.test_permissions_base" name="test_permission_filter" time="0.027" /><testcase classname="tests.test_record_permission_policy" name="ISORT" time="0.015" /><testcase classname="tests.test_record_permission_policy" name="black" time="0.168" /><testcase classname="tests.test_record_permission_policy" name="test_delete_record_policy" time="0.973" /><testcase classname="tests.test_record_permission_policy" name="test_create_record_policy" time="0.127" /><testcase classname="tests.test_record_permission_policy" name="test_update_record_policy" time="0.123" /><testcase classname="tests.test_record_permission_policy" name="test_read_policy" time="0.008" /><testcase classname="tests.test_record_permission_policy" name="test_read_files_policy" time="0.006" /><testcase classname="tests.test_record_permission_policy" name="test_update_files_policy" time="0.153" /><testcase classname="invenio_records_permissions.__init__" name="PYDOCSTYLE" time="0.005" /><testcase classname="invenio_records_permissions.__init__" name="ISORT" time="0.015" /><testcase classname="invenio_records_permissions.__init__" name="black" time="0.154" /><testcase classname="invenio_records_permissions.api" name="PYDOCSTYLE" time="0.004" /><testcase classname="invenio_records_permissions.api" name="ISORT" time="0.007" /><testcase classname="invenio_records_permissions.api" name="black" time="0.149" /><testcase classname="invenio_records_permissions.config" name="PYDOCSTYLE" time="0.002" /><testcase classname="invenio_records_permissions.config" name="ISORT" time="0.005" /><testcase classname="invenio_records_permissions.config" name="black" time="0.150" /><testcase classname="invenio_records_permissions.errors" name="PYDOCSTYLE" time="0.002" /><testcase classname="invenio_records_permissions.errors" name="ISORT" time="0.003" /><testcase classname="invenio_records_permissions.errors" name="black" time="0.147" /><testcase classname="invenio_records_permissions.ext" name="PYDOCSTYLE" time="0.005" /><testcase classname="invenio_records_permissions.ext" name="ISORT" time="0.008" /><testcase classname="invenio_records_permissions.ext" name="black" time="0.153" /><testcase classname="invenio_records_permissions.generators" name="PYDOCSTYLE" time="0.030" /><testcase classname="invenio_records_permissions.generators" name="ISORT" time="0.042" /><testcase classname="invenio_records_permissions.generators" name="black" time="0.196" /><testcase classname="invenio_records_permissions.policies.__init__" name="PYDOCSTYLE" time="0.002" /><testcase classname="invenio_records_permissions.policies.__init__" name="ISORT" time="0.005" /><testcase classname="invenio_records_permissions.policies.__init__" name="black" time="0.148" /><testcase classname="invenio_records_permissions.policies.base" name="PYDOCSTYLE" time="0.011" /><testcase classname="invenio_records_permissions.policies.base" name="ISORT" time="0.018" /><testcase classname="invenio_records_permissions.policies.base" name="black" time="0.162" /><testcase classname="invenio_records_permissions.policies.records" name="PYDOCSTYLE" time="0.007" /><testcase classname="invenio_records_permissions.policies.records" name="ISORT" time="0.015" /><testcase classname="invenio_records_permissions.policies.records" name="black" time="0.159" /></testsuite></testsuites>