<?xml version="1.0" encoding="utf-8"?><testsuites name="pytest tests"><testsuite name="pytest" errors="0" failures="0" skipped="1" tests="76" time="14.160" timestamp="2025-11-18T19:17:42.168597+00:00" hostname="runnervmg1sw1"><testcase classname="tests.conftest" name="PYDOCSTYLE" time="0.016" /><testcase classname="tests.conftest" name="ISORT" time="0.116" /><testcase classname="tests.conftest" name="black" time="0.334" /><testcase classname="tests.helpers" name="PYDOCSTYLE" time="0.005" /><testcase classname="tests.helpers" name="ISORT" time="0.010" /><testcase classname="tests.helpers" name="black" time="0.163" /><testcase classname="tests.test_api" name="ISORT" time="0.011" /><testcase classname="tests.test_api" name="black" time="0.163" /><testcase classname="tests.test_api" name="test_logged_out_user_has_anonymous_profile" time="0.377" /><testcase classname="tests.test_api" name="test_get_current_userprofile" time="1.015" /><testcase classname="tests.test_forms" name="ISORT" time="0.019" /><testcase classname="tests.test_forms" name="black" time="0.172" /><testcase classname="tests.test_forms" name="test_register_form_factory_no_csrf" time="0.213" /><testcase classname="tests.test_forms" name="test_register_form_factory_csrf" time="0.208" /><testcase classname="tests.test_forms" name="test_force_disable_csrf_register_form" time="0.195" /><testcase classname="tests.test_forms" name="test_confirm_register_form_factory_no_csrf" time="0.201" /><testcase classname="tests.test_forms" name="test_confirm_register_form_preferences_factory_no_csrf" time="0.200" /><testcase classname="tests.test_forms" name="test_confirm_register_form_factory_csrf" time="0.205" /><testcase classname="tests.test_forms" name="test_force_disable_csrf_confirm_form" time="0.200" /><testcase classname="tests.test_invenio_userprofile" name="ISORT" time="0.018" /><testcase classname="tests.test_invenio_userprofile" name="black" time="0.165" /><testcase classname="tests.test_invenio_userprofile" name="test_version" time="0.001" /><testcase classname="tests.test_invenio_userprofile" name="test_init" time="0.090" /><testcase classname="tests.test_invenio_userprofile" name="test_alembic" time="0.000"><skipped type="pytest.skip" message="Caused by mergepoint">/home/runner/work/invenio-bug-verification/invenio-bug-verification/package-repo/tests/test_invenio_userprofile.py:60: Caused by mergepoint</skipped></testcase><testcase classname="tests.test_models" name="ISORT" time="0.016" /><testcase classname="tests.test_models" name="black" time="0.163" /><testcase classname="tests.test_models" name="test_userprofiles" time="0.198" /><testcase classname="tests.test_models" name="test_case_insensitive_username" time="0.206" /><testcase classname="tests.test_models" name="test_case_preserving_username" time="0.211" /><testcase classname="tests.test_models" name="test_delete_cascade" time="0.225" /><testcase classname="tests.test_validators" name="ISORT" time="0.009" /><testcase classname="tests.test_validators" name="black" time="0.156" /><testcase classname="tests.test_validators" name="test_validate_username" time="0.196" /><testcase classname="tests.test_views" name="ISORT" time="0.053" /><testcase classname="tests.test_views" name="black" time="0.222" /><testcase classname="tests.test_views" name="test_profile_in_registration" time="0.673" /><testcase classname="tests.test_views" name="test_profile_view_not_accessible_without_login" time="0.230" /><testcase classname="tests.test_views" name="test_profile_view" time="0.622" /><testcase classname="tests.test_views" name="test_profile_name_exists" time="0.910" /><testcase classname="tests.test_views" name="test_profile_case_change" time="0.626" /><testcase classname="tests.test_views" name="test_send_verification_form" time="0.843" /><testcase classname="tests.test_views" name="test_change_email" time="0.939" /><testcase classname="tests.test_views" name="test_change_email_whitespace" time="0.831" /><testcase classname="invenio_userprofiles.__init__" name="PYDOCSTYLE" time="0.004" /><testcase classname="invenio_userprofiles.__init__" name="ISORT" time="0.012" /><testcase classname="invenio_userprofiles.__init__" name="black" time="0.157" /><testcase classname="invenio_userprofiles.alembic.41157f1933d6_remove_table" name="PYDOCSTYLE" time="0.007" /><testcase classname="invenio_userprofiles.alembic.41157f1933d6_remove_table" name="ISORT" time="0.017" /><testcase classname="invenio_userprofiles.alembic.41157f1933d6_remove_table" name="black" time="0.165" /><testcase classname="invenio_userprofiles.alembic.71634726ec7e_create_userprofiles_branch" name="PYDOCSTYLE" time="0.004" /><testcase classname="invenio_userprofiles.alembic.71634726ec7e_create_userprofiles_branch" name="ISORT" time="0.008" /><testcase classname="invenio_userprofiles.alembic.71634726ec7e_create_userprofiles_branch" name="black" time="0.155" /><testcase classname="invenio_userprofiles.alembic.c25ef2c50ffa_create_userprofiles_tables" name="PYDOCSTYLE" time="0.005" /><testcase classname="invenio_userprofiles.alembic.c25ef2c50ffa_create_userprofiles_tables" name="ISORT" time="0.010" /><testcase classname="invenio_userprofiles.alembic.c25ef2c50ffa_create_userprofiles_tables" name="black" time="0.158" /><testcase classname="invenio_userprofiles.api" name="PYDOCSTYLE" time="0.004" /><testcase classname="invenio_userprofiles.api" name="ISORT" time="0.010" /><testcase classname="invenio_userprofiles.api" name="black" time="0.156" /><testcase classname="invenio_userprofiles.config" name="PYDOCSTYLE" time="0.003" /><testcase classname="invenio_userprofiles.config" name="ISORT" time="0.007" /><testcase classname="invenio_userprofiles.config" name="black" time="0.151" /><testcase classname="invenio_userprofiles.ext" name="PYDOCSTYLE" time="0.012" /><testcase classname="invenio_userprofiles.ext" name="ISORT" time="0.018" /><testcase classname="invenio_userprofiles.ext" name="black" time="0.167" /><testcase classname="invenio_userprofiles.forms" name="PYDOCSTYLE" time="0.026" /><testcase classname="invenio_userprofiles.forms" name="ISORT" time="0.043" /><testcase classname="invenio_userprofiles.forms" name="black" time="0.199" /><testcase classname="invenio_userprofiles.models" name="PYDOCSTYLE" time="0.011" /><testcase classname="invenio_userprofiles.models" name="ISORT" time="0.016" /><testcase classname="invenio_userprofiles.models" name="black" time="0.168" /><testcase classname="invenio_userprofiles.validators" name="PYDOCSTYLE" time="0.004" /><testcase classname="invenio_userprofiles.validators" name="ISORT" time="0.009" /><testcase classname="invenio_userprofiles.validators" name="black" time="0.157" /><testcase classname="invenio_userprofiles.views" name="PYDOCSTYLE" time="0.012" /><testcase classname="invenio_userprofiles.views" name="ISORT" time="0.024" /><testcase classname="invenio_userprofiles.views" name="black" time="0.176" /></testsuite></testsuites>