<?xml version="1.0" encoding="utf-8"?><testsuites name="pytest tests"><testsuite name="pytest" errors="0" failures="0" skipped="0" tests="114" time="116.665" timestamp="2025-12-08T19:02:54.161529+00:00" hostname="runnervmoqczp"><testcase classname="tests.conftest" name="PYDOCSTYLE" time="0.016" /><testcase classname="tests.conftest" name="ISORT" time="0.113" /><testcase classname="tests.conftest" name="black" time="0.279" /><testcase classname="tests.test_admin" name="ISORT" time="0.008" /><testcase classname="tests.test_admin" name="black" time="0.144" /><testcase classname="tests.test_admin" name="test_admin" time="0.349" /><testcase classname="tests.test_cli" name="ISORT" time="0.041" /><testcase classname="tests.test_cli" name="black" time="0.187" /><testcase classname="tests.test_cli" name="test_access_cli_allow_action_empty" time="0.206" /><testcase classname="tests.test_cli" name="test_access_cli_allow_action_unknown_email" time="0.200" /><testcase classname="tests.test_cli" name="test_access_cli_allow_action_unknown_role" time="0.199" /><testcase classname="tests.test_cli" name="test_access_cli_allow_action_user" time="0.659" /><testcase classname="tests.test_cli" name="test_any_all_global" time="0.195" /><testcase classname="tests.test_cli" name="test_access_cli_allow_action_role" time="0.204" /><testcase classname="tests.test_cli" name="test_access_cli_deny_action_role" time="0.201" /><testcase classname="tests.test_cli" name="test_access_cli_list" time="0.193" /><testcase classname="tests.test_cli" name="test_access_matrix" time="0.840" /><testcase classname="tests.test_invenio_access" name="ISORT" time="0.028" /><testcase classname="tests.test_invenio_access" name="black" time="0.166" /><testcase classname="tests.test_invenio_access" name="test_version" time="0.001" /><testcase classname="tests.test_invenio_access" name="test_init" time="0.115" /><testcase classname="tests.test_invenio_access" name="test_init_app" time="0.112" /><testcase classname="tests.test_invenio_access" name="test_actions" time="0.099" /><testcase classname="tests.test_invenio_access" name="test_system_roles" time="0.095" /><testcase classname="tests.test_invenio_access" name="test_entrypoints" time="0.005" /><testcase classname="tests.test_invenio_access" name="test_alembic" time="1.144" /><testcase classname="tests.test_loaders" name="ISORT" time="0.016" /><testcase classname="tests.test_loaders" name="black" time="0.153" /><testcase classname="tests.test_loaders" name="test_load_permissions_on_request_loaded" time="0.199" /><testcase classname="tests.test_loaders" name="test_load_permissions_on_identity_loaded" time="0.306" /><testcase classname="tests.test_loaders" name="test_disabled_loader" time="0.196" /><testcase classname="tests.test_permissions" name="ISORT" time="0.054" /><testcase classname="tests.test_permissions" name="black" time="0.227" /><testcase classname="tests.test_permissions" name="test_allow_by_user_id" time="0.247" /><testcase classname="tests.test_permissions" name="test_deny_by_user_id" time="0.244" /><testcase classname="tests.test_permissions" name="test_allow_deny_by_user_id" time="0.259" /><testcase classname="tests.test_permissions" name="test_allow_by_role" time="0.251" /><testcase classname="tests.test_permissions" name="test_deny_by_role" time="0.255" /><testcase classname="tests.test_permissions" name="test_allow_by_user_id_and_role" time="0.258" /><testcase classname="tests.test_permissions" name="test_deny_by_user_id_and_role" time="0.261" /><testcase classname="tests.test_permissions" name="test_allow_by_action_expands_to_user_id" time="0.280" /><testcase classname="tests.test_permissions" name="test_deny_by_action_expands_to_user_id" time="0.297" /><testcase classname="tests.test_permissions" name="test_allow_by_action_expands_to_role" time="0.276" /><testcase classname="tests.test_permissions" name="test_deny_by_action_expands_to_role" time="0.350" /><testcase classname="tests.test_permissions" name="test_allow_by_action_expands_to_user_id_and_role" time="0.291" /><testcase classname="tests.test_permissions" name="test_deny_by_action_expands_to_user_id_and_role" time="0.309" /><testcase classname="tests.test_permissions" name="test_allow_by_action_expands_to_user_id_with_argument" time="0.324" /><testcase classname="tests.test_permissions" name="test_system_role_name" time="0.204" /><testcase classname="tests.test_permissions" name="test_system_roles" time="0.313" /><testcase classname="tests.test_permissions" name="test_allow_by_default" time="0.282" /><testcase classname="tests.test_permissions_cache" name="ISORT" time="0.120" /><testcase classname="tests.test_permissions_cache" name="black" time="0.353" /><testcase classname="tests.test_permissions_cache" name="test_invenio_access_permission_cache" time="0.235" /><testcase classname="tests.test_permissions_cache" name="test_invenio_access_permission_cache_redis" time="0.538" /><testcase classname="tests.test_permissions_cache" name="test_invenio_access_cache_performance" time="97.025" /><testcase classname="tests.test_permissions_cache" name="test_invenio_access_permission_cache_users_updates" time="0.285" /><testcase classname="tests.test_permissions_cache" name="test_invenio_access_permission_cache_roles_updates" time="0.273" /><testcase classname="tests.test_permissions_cache" name="test_invenio_access_permission_cache_system_roles_updates" time="0.263" /><testcase classname="tests.test_permissions_cache" name="test_dynamic_permission_needs_cache_invalidation" time="0.219" /><testcase classname="invenio_access.__init__" name="PYDOCSTYLE" time="0.008" /><testcase classname="invenio_access.__init__" name="ISORT" time="0.038" /><testcase classname="invenio_access.__init__" name="black" time="0.162" /><testcase classname="invenio_access.__init__" name="invenio_access" time="0.429" /><testcase classname="invenio_access.admin" name="PYDOCSTYLE" time="0.009" /><testcase classname="invenio_access.admin" name="ISORT" time="0.025" /><testcase classname="invenio_access.admin" name="black" time="0.167" /><testcase classname="invenio_access.alembic.04480be1593e_add_actionsystemroles" name="PYDOCSTYLE" time="0.006" /><testcase classname="invenio_access.alembic.04480be1593e_add_actionsystemroles" name="ISORT" time="0.014" /><testcase classname="invenio_access.alembic.04480be1593e_add_actionsystemroles" name="black" time="0.159" /><testcase classname="invenio_access.alembic.2069a982633b_add_on_delete_cascade_constraint" name="PYDOCSTYLE" time="0.006" /><testcase classname="invenio_access.alembic.2069a982633b_add_on_delete_cascade_constraint" name="ISORT" time="0.016" /><testcase classname="invenio_access.alembic.2069a982633b_add_on_delete_cascade_constraint" name="black" time="0.159" /><testcase classname="invenio_access.alembic.2f63be7b7572_create_access_tables" name="PYDOCSTYLE" time="0.008" /><testcase classname="invenio_access.alembic.2f63be7b7572_create_access_tables" name="ISORT" time="0.018" /><testcase classname="invenio_access.alembic.2f63be7b7572_create_access_tables" name="black" time="0.165" /><testcase classname="invenio_access.alembic.67ba0de65fbb_create_access_branch" name="PYDOCSTYLE" time="0.003" /><testcase classname="invenio_access.alembic.67ba0de65fbb_create_access_branch" name="ISORT" time="0.007" /><testcase classname="invenio_access.alembic.67ba0de65fbb_create_access_branch" name="black" time="0.148" /><testcase classname="invenio_access.alembic.842a62b56e60_change_fk_accountsrole_to_string_downgrade" name="PYDOCSTYLE" time="0.004" /><testcase classname="invenio_access.alembic.842a62b56e60_change_fk_accountsrole_to_string_downgrade" name="ISORT" time="0.009" /><testcase classname="invenio_access.alembic.842a62b56e60_change_fk_accountsrole_to_string_downgrade" name="black" time="0.151" /><testcase classname="invenio_access.alembic.dbe499bfda43_prevent_null_in_actionusers_for_" name="PYDOCSTYLE" time="0.006" /><testcase classname="invenio_access.alembic.dbe499bfda43_prevent_null_in_actionusers_for_" name="ISORT" time="0.014" /><testcase classname="invenio_access.alembic.dbe499bfda43_prevent_null_in_actionusers_for_" name="black" time="0.158" /><testcase classname="invenio_access.alembic.f9843093f686_change_fk_accountsrole_to_string_upgrade" name="PYDOCSTYLE" time="0.004" /><testcase classname="invenio_access.alembic.f9843093f686_change_fk_accountsrole_to_string_upgrade" name="ISORT" time="0.011" /><testcase classname="invenio_access.alembic.f9843093f686_change_fk_accountsrole_to_string_upgrade" name="black" time="0.153" /><testcase classname="invenio_access.cli" name="PYDOCSTYLE" time="0.033" /><testcase classname="invenio_access.cli" name="ISORT" time="0.053" /><testcase classname="invenio_access.cli" name="black" time="0.209" /><testcase classname="invenio_access.config" name="PYDOCSTYLE" time="0.003" /><testcase classname="invenio_access.config" name="ISORT" time="0.005" /><testcase classname="invenio_access.config" name="black" time="0.150" /><testcase classname="invenio_access.ext" name="PYDOCSTYLE" time="0.016" /><testcase classname="invenio_access.ext" name="ISORT" time="0.024" /><testcase classname="invenio_access.ext" name="black" time="0.167" /><testcase classname="invenio_access.factory" name="PYDOCSTYLE" time="0.003" /><testcase classname="invenio_access.factory" name="ISORT" time="0.007" /><testcase classname="invenio_access.factory" name="black" time="0.145" /><testcase classname="invenio_access.loaders" name="PYDOCSTYLE" time="0.003" /><testcase classname="invenio_access.loaders" name="ISORT" time="0.007" /><testcase classname="invenio_access.loaders" name="black" time="0.145" /><testcase classname="invenio_access.models" name="PYDOCSTYLE" time="0.021" /><testcase classname="invenio_access.models" name="ISORT" time="0.037" /><testcase classname="invenio_access.models" name="black" time="0.183" /><testcase classname="invenio_access.permissions" name="PYDOCSTYLE" time="0.014" /><testcase classname="invenio_access.permissions" name="ISORT" time="0.026" /><testcase classname="invenio_access.permissions" name="black" time="0.170" /><testcase classname="invenio_access.proxies" name="PYDOCSTYLE" time="0.002" /><testcase classname="invenio_access.proxies" name="ISORT" time="0.006" /><testcase classname="invenio_access.proxies" name="black" time="0.144" /><testcase classname="invenio_access.utils" name="PYDOCSTYLE" time="0.004" /><testcase classname="invenio_access.utils" name="ISORT" time="0.007" /><testcase classname="invenio_access.utils" name="black" time="0.146" /></testsuite></testsuites>