<?xml version="1.0" encoding="utf-8"?><testsuites name="pytest tests"><testsuite name="pytest" errors="0" failures="0" skipped="0" tests="38" time="3.262" timestamp="2025-11-18T08:29:36.592358+00:00" hostname="runnervmg1sw1"><testcase classname="tests.conftest" name="PYDOCSTYLE" time="0.010" /><testcase classname="tests.conftest" name="ISORT" time="0.100" /><testcase classname="tests.conftest" name="black" time="0.308" /><testcase classname="tests.test_invenio_assets" name="ISORT" time="0.015" /><testcase classname="tests.test_invenio_assets" name="black" time="0.153" /><testcase classname="tests.test_invenio_assets" name="test_version" time="0.001" /><testcase classname="tests.test_invenio_assets" name="test_init" time="0.010" /><testcase classname="tests.test_invenio_assets" name="test_init_post" time="0.003" /><testcase classname="tests.test_invenio_assets" name="test_init_cli" time="0.014" /><testcase classname="tests.test_invenio_assets" name="test_init_debug" time="0.002" /><testcase classname="tests.test_invenio_assets_cli" name="ISORT" time="0.010" /><testcase classname="tests.test_invenio_assets_cli" name="black" time="0.150" /><testcase classname="tests.test_invenio_assets_cli" name="test_collect" time="1.011" /><testcase classname="tests.test_webpack" name="ISORT" time="0.019" /><testcase classname="tests.test_webpack" name="black" time="0.162" /><testcase classname="tests.test_webpack" name="test_webpack_theme_bundle_outside_app" time="0.002" /><testcase classname="tests.test_webpack" name="test_webpack_theme_bundle" time="0.004" /><testcase classname="tests.test_webpack" name="test_unique_jinja_manifest_entry" time="0.003" /><testcase classname="tests.test_webpack" name="test_unique_jinja_manifest_loader" time="0.002" /><testcase classname="invenio_assets.__init__" name="PYDOCSTYLE" time="0.004" /><testcase classname="invenio_assets.__init__" name="ISORT" time="0.012" /><testcase classname="invenio_assets.__init__" name="black" time="0.149" /><testcase classname="invenio_assets.__init__" name="invenio_assets" time="0.005" /><testcase classname="invenio_assets.cli" name="PYDOCSTYLE" time="0.003" /><testcase classname="invenio_assets.cli" name="ISORT" time="0.008" /><testcase classname="invenio_assets.cli" name="black" time="0.147" /><testcase classname="invenio_assets.collect" name="PYDOCSTYLE" time="0.003" /><testcase classname="invenio_assets.collect" name="ISORT" time="0.005" /><testcase classname="invenio_assets.collect" name="black" time="0.147" /><testcase classname="invenio_assets.ext" name="PYDOCSTYLE" time="0.007" /><testcase classname="invenio_assets.ext" name="ISORT" time="0.014" /><testcase classname="invenio_assets.ext" name="black" time="0.155" /><testcase classname="invenio_assets.proxies" name="PYDOCSTYLE" time="0.002" /><testcase classname="invenio_assets.proxies" name="ISORT" time="0.006" /><testcase classname="invenio_assets.proxies" name="black" time="0.146" /><testcase classname="invenio_assets.webpack" name="PYDOCSTYLE" time="0.011" /><testcase classname="invenio_assets.webpack" name="ISORT" time="0.022" /><testcase classname="invenio_assets.webpack" name="black" time="0.165" /></testsuite></testsuites>