<?xml version="1.0" encoding="utf-8"?><testsuites name="pytest tests"><testsuite name="pytest" errors="0" failures="0" skipped="0" tests="44" time="3.427" timestamp="2025-11-18T18:32:27.946881+00:00" hostname="runnervmg1sw1"><testcase classname="docs.conf" name="PYDOCSTYLE" time="0.011" /><testcase classname="docs.conf" name="ISORT" time="0.115" /><testcase classname="docs.conf" name="black" time="0.334" /><testcase classname="tests.apackage.__init__" name="PYDOCSTYLE" time="0.003" /><testcase classname="tests.apackage.__init__" name="ISORT" time="0.003" /><testcase classname="tests.apackage.__init__" name="black" time="0.151" /><testcase classname="tests.apackage.third_tasks" name="PYDOCSTYLE" time="0.003" /><testcase classname="tests.apackage.third_tasks" name="ISORT" time="0.006" /><testcase classname="tests.apackage.third_tasks" name="black" time="0.150" /><testcase classname="tests.bpackage.__init__" name="PYDOCSTYLE" time="0.002" /><testcase classname="tests.bpackage.__init__" name="ISORT" time="0.003" /><testcase classname="tests.bpackage.__init__" name="black" time="0.149" /><testcase classname="tests.bpackage.first_tasks" name="PYDOCSTYLE" time="0.003" /><testcase classname="tests.bpackage.first_tasks" name="ISORT" time="0.006" /><testcase classname="tests.bpackage.first_tasks" name="black" time="0.150" /><testcase classname="tests.bpackage.second_tasks" name="PYDOCSTYLE" time="0.003" /><testcase classname="tests.bpackage.second_tasks" name="ISORT" time="0.006" /><testcase classname="tests.bpackage.second_tasks" name="black" time="0.157" /><testcase classname="tests.conftest" name="PYDOCSTYLE" time="0.005" /><testcase classname="tests.conftest" name="ISORT" time="0.013" /><testcase classname="tests.conftest" name="black" time="0.158" /><testcase classname="tests.test_invenio_celery" name="ISORT" time="0.028" /><testcase classname="tests.test_invenio_celery" name="black" time="0.183" /><testcase classname="tests.test_invenio_celery" name="test_version" time="0.001" /><testcase classname="tests.test_invenio_celery" name="test_init" time="0.363" /><testcase classname="tests.test_invenio_celery" name="test_enabled_autodiscovery" time="0.009" /><testcase classname="tests.test_invenio_celery" name="test_only_first_tasks" time="0.005" /><testcase classname="tests.test_invenio_celery" name="test_bare_module_warning" time="0.003" /><testcase classname="tests.test_invenio_celery" name="test_disabled_autodiscovery" time="0.013" /><testcase classname="tests.test_invenio_celery" name="test_worker_loading" time="0.006" /><testcase classname="tests.test_invenio_celery" name="test_get_queues" time="0.013" /><testcase classname="tests.test_invenio_celery" name="test_enable_queue" time="0.012" /><testcase classname="tests.test_invenio_celery" name="test_disable_queue" time="0.014" /><testcase classname="tests.test_invenio_celery" name="test_get_active_tasks" time="0.013" /><testcase classname="tests.test_invenio_celery" name="test_suspend_queues" time="0.113" /><testcase classname="invenio_celery.__init__" name="PYDOCSTYLE" time="0.004" /><testcase classname="invenio_celery.__init__" name="ISORT" time="0.011" /><testcase classname="invenio_celery.__init__" name="black" time="0.153" /><testcase classname="invenio_celery.config" name="PYDOCSTYLE" time="0.003" /><testcase classname="invenio_celery.config" name="ISORT" time="0.005" /><testcase classname="invenio_celery.config" name="black" time="0.152" /><testcase classname="invenio_celery.ext" name="PYDOCSTYLE" time="0.013" /><testcase classname="invenio_celery.ext" name="ISORT" time="0.020" /><testcase classname="invenio_celery.ext" name="black" time="0.171" /></testsuite></testsuites>