<?xml version="1.0" encoding="utf-8"?><testsuites name="pytest tests"><testsuite name="pytest" errors="0" failures="0" skipped="0" tests="263" time="63.325" timestamp="2025-12-08T19:09:22.005478+00:00" hostname="runnervmoqczp"><testcase classname="docs.conf" name="PYDOCSTYLE" time="0.012" /><testcase classname="docs.conf" name="ISORT" time="0.151" /><testcase classname="docs.conf" name="black" time="0.318" /><testcase classname="tests.conftest" name="PYDOCSTYLE" time="0.013" /><testcase classname="tests.conftest" name="ISORT" time="0.026" /><testcase classname="tests.conftest" name="black" time="0.186" /><testcase classname="tests.mock_module.__init__" name="PYDOCSTYLE" time="0.005" /><testcase classname="tests.mock_module.__init__" name="ISORT" time="0.010" /><testcase classname="tests.mock_module.__init__" name="black" time="0.169" /><testcase classname="tests.mock_module.api" name="PYDOCSTYLE" time="0.011" /><testcase classname="tests.mock_module.api" name="ISORT" time="0.035" /><testcase classname="tests.mock_module.api" name="black" time="0.194" /><testcase classname="tests.mock_module.jsonschemas.__init__" name="PYDOCSTYLE" time="0.002" /><testcase classname="tests.mock_module.jsonschemas.__init__" name="ISORT" time="0.004" /><testcase classname="tests.mock_module.jsonschemas.__init__" name="black" time="0.164" /><testcase classname="tests.mock_module.mappings.__init__" name="PYDOCSTYLE" time="0.002" /><testcase classname="tests.mock_module.mappings.__init__" name="ISORT" time="0.005" /><testcase classname="tests.mock_module.mappings.__init__" name="black" time="0.164" /><testcase classname="tests.mock_module.mappings.os-v1.__init__" name="PYDOCSTYLE" time="0.002" /><testcase classname="tests.mock_module.mappings.os-v1.__init__" name="ISORT" time="0.004" /><testcase classname="tests.mock_module.mappings.os-v1.__init__" name="black" time="0.202" /><testcase classname="tests.mock_module.mappings.os-v1.draftsresources.__init__" name="PYDOCSTYLE" time="0.002" /><testcase classname="tests.mock_module.mappings.os-v1.draftsresources.__init__" name="ISORT" time="0.004" /><testcase classname="tests.mock_module.mappings.os-v1.draftsresources.__init__" name="black" time="0.166" /><testcase classname="tests.mock_module.mappings.os-v2.__init__" name="PYDOCSTYLE" time="0.002" /><testcase classname="tests.mock_module.mappings.os-v2.__init__" name="ISORT" time="0.004" /><testcase classname="tests.mock_module.mappings.os-v2.__init__" name="black" time="0.165" /><testcase classname="tests.mock_module.mappings.os-v2.draftsresources.__init__" name="PYDOCSTYLE" time="0.002" /><testcase classname="tests.mock_module.mappings.os-v2.draftsresources.__init__" name="ISORT" time="0.004" /><testcase classname="tests.mock_module.mappings.os-v2.draftsresources.__init__" name="black" time="0.165" /><testcase classname="tests.mock_module.mappings.v7.__init__" name="PYDOCSTYLE" time="0.002" /><testcase classname="tests.mock_module.mappings.v7.__init__" name="ISORT" time="0.004" /><testcase classname="tests.mock_module.mappings.v7.__init__" name="black" time="0.166" /><testcase classname="tests.mock_module.mappings.v7.draftsresources.__init__" name="PYDOCSTYLE" time="0.003" /><testcase classname="tests.mock_module.mappings.v7.draftsresources.__init__" name="ISORT" time="0.004" /><testcase classname="tests.mock_module.mappings.v7.draftsresources.__init__" name="black" time="0.173" /><testcase classname="tests.mock_module.models" name="PYDOCSTYLE" time="0.008" /><testcase classname="tests.mock_module.models" name="ISORT" time="0.019" /><testcase classname="tests.mock_module.models" name="black" time="0.178" /><testcase classname="tests.mock_module.permissions" name="PYDOCSTYLE" time="0.007" /><testcase classname="tests.mock_module.permissions" name="ISORT" time="0.015" /><testcase classname="tests.mock_module.permissions" name="black" time="0.175" /><testcase classname="tests.mock_module.resource" name="PYDOCSTYLE" time="0.005" /><testcase classname="tests.mock_module.resource" name="ISORT" time="0.014" /><testcase classname="tests.mock_module.resource" name="black" time="0.171" /><testcase classname="tests.mock_module.schemas" name="PYDOCSTYLE" time="0.007" /><testcase classname="tests.mock_module.schemas" name="ISORT" time="0.016" /><testcase classname="tests.mock_module.schemas" name="black" time="0.174" /><testcase classname="tests.mock_module.service" name="PYDOCSTYLE" time="0.009" /><testcase classname="tests.mock_module.service" name="ISORT" time="0.027" /><testcase classname="tests.mock_module.service" name="black" time="0.186" /><testcase classname="tests.records.conftest" name="PYDOCSTYLE" time="0.004" /><testcase classname="tests.records.conftest" name="ISORT" time="0.012" /><testcase classname="tests.records.conftest" name="black" time="0.168" /><testcase classname="tests.records.test_api" name="ISORT" time="0.069" /><testcase classname="tests.records.test_api" name="black" time="0.262" /><testcase classname="tests.records.test_api" name="test_draft_create_empty" time="2.683" /><testcase classname="tests.records.test_api" name="test_draft_create_parent" time="0.038" /><testcase classname="tests.records.test_api" name="test_draft_create_parent_state" time="0.055" /><testcase classname="tests.records.test_api" name="test_record_create_parent_state" time="0.056" /><testcase classname="tests.records.test_api" name="test_draft_create_new_version" time="0.066" /><testcase classname="tests.records.test_api" name="test_draft_parent_state_hard_delete" time="0.051" /><testcase classname="tests.records.test_api" name="test_new_draft_of_published_record_doesnt_override_next_draft_id" time="0.118" /><testcase classname="tests.records.test_api" name="test_draft_parent_state_hard_delete_with_parent" time="0.051" /><testcase classname="tests.records.test_api" name="test_draft_parent_state_soft_delete" time="0.048" /><testcase classname="tests.records.test_api" name="test_create_record_from_draft" time="0.044" /><testcase classname="tests.records.test_api" name="test_draft_get_record" time="0.042" /><testcase classname="tests.records.test_api" name="test_draft_force_delete" time="0.046" /><testcase classname="tests.records.test_api" name="test_draft_soft_delete" time="0.039" /><testcase classname="tests.records.test_api" name="test_draft_undelete" time="0.037" /><testcase classname="tests.records.test_api" name="test_draft_dump_load_idempotence" time="0.065" /><testcase classname="tests.records.test_api" name="test_draft_indexing" time="0.133" /><testcase classname="tests.records.test_api" name="test_draft_delete_reindex" time="0.075" /><testcase classname="tests.records.test_api" name="test_get_records_by_parent" time="0.095" /><testcase classname="tests.records.test_api" name="test_get_latest_by_parent" time="0.384" /><testcase classname="tests.resources.conftest" name="PYDOCSTYLE" time="0.005" /><testcase classname="tests.resources.conftest" name="ISORT" time="0.010" /><testcase classname="tests.resources.conftest" name="black" time="0.166" /><testcase classname="tests.resources.test_files_resource" name="ISORT" time="0.037" /><testcase classname="tests.resources.test_files_resource" name="black" time="0.216" /><testcase classname="tests.resources.test_files_resource" name="test_files_publish_flow" time="3.361" /><testcase classname="tests.resources.test_files_resource" name="test_metadata_only_record" time="1.229" /><testcase classname="tests.resources.test_files_resource" name="test_import_files" time="1.246" /><testcase classname="tests.resources.test_files_resource" name="test_import_files_metadata_only" time="1.177" /><testcase classname="tests.resources.test_files_resource" name="test_import_files_no_version" time="1.107" /><testcase classname="tests.resources.test_record_resource" name="ISORT" time="0.038" /><testcase classname="tests.resources.test_record_resource" name="black" time="0.215" /><testcase classname="tests.resources.test_record_resource" name="test_create_draft" time="2.262" /><testcase classname="tests.resources.test_record_resource" name="test_read_draft" time="0.846" /><testcase classname="tests.resources.test_record_resource" name="test_update_draft" time="0.919" /><testcase classname="tests.resources.test_record_resource" name="test_delete_draft" time="0.878" /><testcase classname="tests.resources.test_record_resource" name="test_publish_draft" time="0.899" /><testcase classname="tests.resources.test_record_resource" name="test_search_versions" time="0.945" /><testcase classname="tests.resources.test_record_resource" name="test_create_publish_new_revision" time="1.102" /><testcase classname="tests.resources.test_record_resource" name="test_multiple_edit" time="1.089" /><testcase classname="tests.resources.test_record_resource" name="test_redirect_to_latest_version" time="0.619" /><testcase classname="tests.resources.test_resource_links" name="ISORT" time="0.014" /><testcase classname="tests.resources.test_resource_links" name="black" time="0.189" /><testcase classname="tests.resources.test_resource_links" name="test_create_draft" time="1.572" /><testcase classname="tests.resources.test_resource_links" name="test_read_draft" time="0.096" /><testcase classname="tests.resources.test_resource_links" name="test_update_draft" time="0.115" /><testcase classname="tests.resources.test_resource_links" name="test_publish_draft" time="0.357" /><testcase classname="tests.services.__init__" name="PYDOCSTYLE" time="0.004" /><testcase classname="tests.services.__init__" name="ISORT" time="0.006" /><testcase classname="tests.services.__init__" name="black" time="0.164" /><testcase classname="tests.services.conftest" name="PYDOCSTYLE" time="0.006" /><testcase classname="tests.services.conftest" name="ISORT" time="0.014" /><testcase classname="tests.services.conftest" name="black" time="0.170" /><testcase classname="tests.services.test_record_service" name="ISORT" time="0.052" /><testcase classname="tests.services.test_record_service" name="black" time="0.232" /><testcase classname="tests.services.test_record_service" name="test_create_draft" time="1.495" /><testcase classname="tests.services.test_record_service" name="test_create_empty_draft" time="0.062" /><testcase classname="tests.services.test_record_service" name="test_read_draft" time="0.084" /><testcase classname="tests.services.test_record_service" name="test_update_draft" time="0.122" /><testcase classname="tests.services.test_record_service" name="test_update_draft_invalid_field" time="0.110" /><testcase classname="tests.services.test_record_service" name="test_delete_draft" time="0.135" /><testcase classname="tests.services.test_record_service" name="test_publish_draft" time="0.358" /><testcase classname="tests.services.test_record_service" name="test_fail_to_publish_invalid_draft" time="0.088" /><testcase classname="tests.services.test_record_service" name="test_create_publish_new_revision" time="0.335" /><testcase classname="tests.services.test_record_service" name="test_multiple_edit" time="0.308" /><testcase classname="tests.services.test_record_service" name="test_create_publish_new_version" time="0.305" /><testcase classname="tests.services.test_record_service" name="test_multi_version_delete_draft" time="0.869" /><testcase classname="tests.services.test_record_service" name="test_read_latest_version" time="0.559" /><testcase classname="tests.services.test_record_service_files" name="ISORT" time="0.110" /><testcase classname="tests.services.test_record_service_files" name="black" time="0.324" /><testcase classname="tests.services.test_record_service_files" name="test_create_delete_draft" time="1.726" /><testcase classname="tests.services.test_record_service_files" name="test_create_publish" time="0.251" /><testcase classname="tests.services.test_record_service_files" name="test_edit_delete" time="0.480" /><testcase classname="tests.services.test_record_service_files" name="test_edit_delete_media_files" time="0.560" /><testcase classname="tests.services.test_record_service_files" name="test_edit_publish" time="0.468" /><testcase classname="tests.services.test_record_service_files" name="test_edit_draft_files" time="0.460" /><testcase classname="tests.services.test_record_service_files" name="test_publish_draft_media_files_no_bucket" time="0.137" /><testcase classname="tests.services.test_record_service_files" name="test_new_version" time="0.452" /><testcase classname="tests.services.test_record_service_files" name="test_new_version_with_media_files" time="0.669" /><testcase classname="tests.services.test_record_service_files" name="test_new_version_delete" time="0.448" /><testcase classname="tests.services.test_record_service_files" name="test_new_version_with_media_files_delete" time="0.650" /><testcase classname="tests.services.test_record_service_files" name="test_import_files" time="0.324" /><testcase classname="tests.services.test_record_service_files" name="test_import_files_disabled" time="0.204" /><testcase classname="tests.services.test_record_service_files" name="test_edit_publish_default_preview" time="0.438" /><testcase classname="tests.services.test_record_service_files" name="test_update_draft_set_default_file_preview" time="0.182" /><testcase classname="tests.services.test_record_service_files" name="test_update_draft_set_default_file_preview_reports_error" time="0.186" /><testcase classname="tests.services.test_record_service_files" name="test_publish_with_fetch_files" time="0.128" /><testcase classname="tests.services.test_record_service_files" name="test_missing_files" time="0.099" /><testcase classname="tests.services.test_record_service_files" name="test_disable_files_error" time="0.180" /><testcase classname="tests.services.test_record_service_files" name="test_fail_to_publish_draft_with_no_files" time="0.090" /><testcase classname="tests.services.test_record_service_files" name="test_fail_to_add_files_to_draft_with_files_disabled" time="0.082" /><testcase classname="tests.services.test_record_service_files" name="test_manage_files_permissions" time="0.165" /><testcase classname="tests.services.test_record_service_files" name="test_publish_with_remote_files" time="0.437" /><testcase classname="tests.services.test_record_service_files" name="test_enable_files_after_publish" time="0.977" /><testcase classname="tests.services.test_record_service_search" name="ISORT" time="0.010" /><testcase classname="tests.services.test_record_service_search" name="black" time="0.174" /><testcase classname="tests.services.test_record_service_search" name="test_search_versions" time="1.802" /><testcase classname="tests.services.test_record_service_search" name="test_search_versions_for_record" time="0.514" /><testcase classname="tests.services.test_record_service_tasks" name="ISORT" time="0.013" /><testcase classname="tests.services.test_record_service_tasks" name="black" time="0.172" /><testcase classname="tests.services.test_record_service_tasks" name="test_hard_delete_soft_deleted_task" time="1.854" /><testcase classname="tests.services.test_records_uow" name="ISORT" time="0.021" /><testcase classname="tests.services.test_records_uow" name="black" time="0.183" /><testcase classname="tests.services.test_records_uow" name="test_parent_record_uow_params" time="1.395" /><testcase classname="tests.services.test_records_uow" name="test_parent_record_commit" time="0.604" /><testcase classname="tests.services.test_services" name="ISORT" time="0.013" /><testcase classname="tests.services.test_services" name="black" time="0.175" /><testcase classname="tests.services.test_services" name="test_hard_delete_soft_deleted" time="1.798" /><testcase classname="tests.services.test_services" name="test_hard_delete_soft_deleted_not_enough_time" time="0.334" /><testcase classname="tests.services.utils" name="PYDOCSTYLE" time="0.003" /><testcase classname="tests.services.utils" name="ISORT" time="0.005" /><testcase classname="tests.services.utils" name="black" time="0.165" /><testcase classname="invenio_drafts_resources.__init__" name="PYDOCSTYLE" time="0.003" /><testcase classname="invenio_drafts_resources.__init__" name="ISORT" time="0.005" /><testcase classname="invenio_drafts_resources.__init__" name="black" time="0.165" /><testcase classname="invenio_drafts_resources.auditlog.__init__" name="PYDOCSTYLE" time="0.002" /><testcase classname="invenio_drafts_resources.auditlog.__init__" name="ISORT" time="0.004" /><testcase classname="invenio_drafts_resources.auditlog.__init__" name="black" time="0.160" /><testcase classname="invenio_drafts_resources.auditlog.actions" name="PYDOCSTYLE" time="0.005" /><testcase classname="invenio_drafts_resources.auditlog.actions" name="ISORT" time="0.014" /><testcase classname="invenio_drafts_resources.auditlog.actions" name="black" time="0.168" /><testcase classname="invenio_drafts_resources.auditlog.context" name="PYDOCSTYLE" time="0.008" /><testcase classname="invenio_drafts_resources.auditlog.context" name="ISORT" time="0.015" /><testcase classname="invenio_drafts_resources.auditlog.context" name="black" time="0.176" /><testcase classname="invenio_drafts_resources.records.__init__" name="PYDOCSTYLE" time="0.004" /><testcase classname="invenio_drafts_resources.records.__init__" name="ISORT" time="0.007" /><testcase classname="invenio_drafts_resources.records.__init__" name="black" time="0.161" /><testcase classname="invenio_drafts_resources.records.api" name="PYDOCSTYLE" time="0.022" /><testcase classname="invenio_drafts_resources.records.api" name="ISORT" time="0.045" /><testcase classname="invenio_drafts_resources.records.api" name="black" time="0.209" /><testcase classname="invenio_drafts_resources.records.models" name="PYDOCSTYLE" time="0.011" /><testcase classname="invenio_drafts_resources.records.models" name="ISORT" time="0.024" /><testcase classname="invenio_drafts_resources.records.models" name="black" time="0.184" /><testcase classname="invenio_drafts_resources.records.systemfields.__init__" name="PYDOCSTYLE" time="0.003" /><testcase classname="invenio_drafts_resources.records.systemfields.__init__" name="ISORT" time="0.007" /><testcase classname="invenio_drafts_resources.records.systemfields.__init__" name="black" time="0.168" /><testcase classname="invenio_drafts_resources.records.systemfields.parent" name="PYDOCSTYLE" time="0.012" /><testcase classname="invenio_drafts_resources.records.systemfields.parent" name="ISORT" time="0.021" /><testcase classname="invenio_drafts_resources.records.systemfields.parent" name="black" time="0.184" /><testcase classname="invenio_drafts_resources.records.systemfields.versions" name="PYDOCSTYLE" time="0.028" /><testcase classname="invenio_drafts_resources.records.systemfields.versions" name="ISORT" time="0.044" /><testcase classname="invenio_drafts_resources.records.systemfields.versions" name="black" time="0.216" /><testcase classname="invenio_drafts_resources.resources.__init__" name="PYDOCSTYLE" time="0.003" /><testcase classname="invenio_drafts_resources.resources.__init__" name="ISORT" time="0.006" /><testcase classname="invenio_drafts_resources.resources.__init__" name="black" time="0.168" /><testcase classname="invenio_drafts_resources.resources.records.__init__" name="PYDOCSTYLE" time="0.003" /><testcase classname="invenio_drafts_resources.resources.records.__init__" name="ISORT" time="0.007" /><testcase classname="invenio_drafts_resources.resources.records.__init__" name="black" time="0.168" /><testcase classname="invenio_drafts_resources.resources.records.args" name="PYDOCSTYLE" time="0.003" /><testcase classname="invenio_drafts_resources.resources.records.args" name="ISORT" time="0.009" /><testcase classname="invenio_drafts_resources.resources.records.args" name="black" time="0.168" /><testcase classname="invenio_drafts_resources.resources.records.config" name="PYDOCSTYLE" time="0.004" /><testcase classname="invenio_drafts_resources.resources.records.config" name="ISORT" time="0.011" /><testcase classname="invenio_drafts_resources.resources.records.config" name="black" time="0.167" /><testcase classname="invenio_drafts_resources.resources.records.errors" name="PYDOCSTYLE" time="0.006" /><testcase classname="invenio_drafts_resources.resources.records.errors" name="ISORT" time="0.013" /><testcase classname="invenio_drafts_resources.resources.records.errors" name="black" time="0.176" /><testcase classname="invenio_drafts_resources.resources.records.resource" name="PYDOCSTYLE" time="0.023" /><testcase classname="invenio_drafts_resources.resources.records.resource" name="ISORT" time="0.043" /><testcase classname="invenio_drafts_resources.resources.records.resource" name="black" time="0.215" /><testcase classname="invenio_drafts_resources.services.__init__" name="PYDOCSTYLE" time="0.003" /><testcase classname="invenio_drafts_resources.services.__init__" name="ISORT" time="0.006" /><testcase classname="invenio_drafts_resources.services.__init__" name="black" time="0.167" /><testcase classname="invenio_drafts_resources.services.records.__init__" name="PYDOCSTYLE" time="0.003" /><testcase classname="invenio_drafts_resources.services.records.__init__" name="ISORT" time="0.006" /><testcase classname="invenio_drafts_resources.services.records.__init__" name="black" time="0.163" /><testcase classname="invenio_drafts_resources.services.records.components.__init__" name="PYDOCSTYLE" time="0.004" /><testcase classname="invenio_drafts_resources.services.records.components.__init__" name="ISORT" time="0.009" /><testcase classname="invenio_drafts_resources.services.records.components.__init__" name="black" time="0.164" /><testcase classname="invenio_drafts_resources.services.records.components.base" name="PYDOCSTYLE" time="0.026" /><testcase classname="invenio_drafts_resources.services.records.components.base" name="ISORT" time="0.050" /><testcase classname="invenio_drafts_resources.services.records.components.base" name="black" time="0.217" /><testcase classname="invenio_drafts_resources.services.records.components.files" name="PYDOCSTYLE" time="0.003" /><testcase classname="invenio_drafts_resources.services.records.components.files" name="ISORT" time="0.009" /><testcase classname="invenio_drafts_resources.services.records.components.files" name="black" time="0.164" /><testcase classname="invenio_drafts_resources.services.records.components.media_files" name="PYDOCSTYLE" time="0.013" /><testcase classname="invenio_drafts_resources.services.records.components.media_files" name="ISORT" time="0.027" /><testcase classname="invenio_drafts_resources.services.records.components.media_files" name="black" time="0.191" /><testcase classname="invenio_drafts_resources.services.records.components.metadata" name="PYDOCSTYLE" time="0.006" /><testcase classname="invenio_drafts_resources.services.records.components.metadata" name="ISORT" time="0.010" /><testcase classname="invenio_drafts_resources.services.records.components.metadata" name="black" time="0.167" /><testcase classname="invenio_drafts_resources.services.records.components.pid" name="PYDOCSTYLE" time="0.005" /><testcase classname="invenio_drafts_resources.services.records.components.pid" name="ISORT" time="0.010" /><testcase classname="invenio_drafts_resources.services.records.components.pid" name="black" time="0.168" /><testcase classname="invenio_drafts_resources.services.records.components.relations" name="PYDOCSTYLE" time="0.004" /><testcase classname="invenio_drafts_resources.services.records.components.relations" name="ISORT" time="0.008" /><testcase classname="invenio_drafts_resources.services.records.components.relations" name="black" time="0.164" /><testcase classname="invenio_drafts_resources.services.records.config" name="PYDOCSTYLE" time="0.013" /><testcase classname="invenio_drafts_resources.services.records.config" name="ISORT" time="0.036" /><testcase classname="invenio_drafts_resources.services.records.config" name="black" time="0.195" /><testcase classname="invenio_drafts_resources.services.records.permissions" name="PYDOCSTYLE" time="0.004" /><testcase classname="invenio_drafts_resources.services.records.permissions" name="ISORT" time="0.010" /><testcase classname="invenio_drafts_resources.services.records.permissions" name="black" time="0.165" /><testcase classname="invenio_drafts_resources.services.records.schema" name="PYDOCSTYLE" time="0.005" /><testcase classname="invenio_drafts_resources.services.records.schema" name="ISORT" time="0.011" /><testcase classname="invenio_drafts_resources.services.records.schema" name="black" time="0.166" /><testcase classname="invenio_drafts_resources.services.records.search_params" name="PYDOCSTYLE" time="0.005" /><testcase classname="invenio_drafts_resources.services.records.search_params" name="ISORT" time="0.010" /><testcase classname="invenio_drafts_resources.services.records.search_params" name="black" time="0.165" /><testcase classname="invenio_drafts_resources.services.records.service" name="PYDOCSTYLE" time="0.053" /><testcase classname="invenio_drafts_resources.services.records.service" name="ISORT" time="0.107" /><testcase classname="invenio_drafts_resources.services.records.service" name="black" time="0.290" /><testcase classname="invenio_drafts_resources.services.records.tasks" name="PYDOCSTYLE" time="0.004" /><testcase classname="invenio_drafts_resources.services.records.tasks" name="ISORT" time="0.009" /><testcase classname="invenio_drafts_resources.services.records.tasks" name="black" time="0.170" /><testcase classname="invenio_drafts_resources.services.records.uow" name="PYDOCSTYLE" time="0.009" /><testcase classname="invenio_drafts_resources.services.records.uow" name="ISORT" time="0.016" /><testcase classname="invenio_drafts_resources.services.records.uow" name="black" time="0.180" /></testsuite></testsuites>