<?xml version="1.0" encoding="utf-8"?><testsuites name="pytest tests"><testsuite name="pytest" errors="0" failures="0" skipped="1" tests="76" time="14.896" timestamp="2025-11-18T08:32:11.555360+00:00" hostname="runnervmg1sw1"><testcase classname="tests.conftest" name="PYDOCSTYLE" time="0.017" /><testcase classname="tests.conftest" name="ISORT" time="0.152" /><testcase classname="tests.conftest" name="black" time="0.352" /><testcase classname="tests.helpers" name="PYDOCSTYLE" time="0.005" /><testcase classname="tests.helpers" name="ISORT" time="0.011" /><testcase classname="tests.helpers" name="black" time="0.170" /><testcase classname="tests.test_api" name="ISORT" time="0.012" /><testcase classname="tests.test_api" name="black" time="0.167" /><testcase classname="tests.test_api" name="test_logged_out_user_has_anonymous_profile" time="0.403" /><testcase classname="tests.test_api" name="test_get_current_userprofile" time="1.038" /><testcase classname="tests.test_forms" name="ISORT" time="0.023" /><testcase classname="tests.test_forms" name="black" time="0.180" /><testcase classname="tests.test_forms" name="test_register_form_factory_no_csrf" time="0.231" /><testcase classname="tests.test_forms" name="test_register_form_factory_csrf" time="0.234" /><testcase classname="tests.test_forms" name="test_force_disable_csrf_register_form" time="0.227" /><testcase classname="tests.test_forms" name="test_confirm_register_form_factory_no_csrf" time="0.231" /><testcase classname="tests.test_forms" name="test_confirm_register_form_preferences_factory_no_csrf" time="0.230" /><testcase classname="tests.test_forms" name="test_confirm_register_form_factory_csrf" time="0.228" /><testcase classname="tests.test_forms" name="test_force_disable_csrf_confirm_form" time="0.234" /><testcase classname="tests.test_invenio_userprofile" name="ISORT" time="0.022" /><testcase classname="tests.test_invenio_userprofile" name="black" time="0.172" /><testcase classname="tests.test_invenio_userprofile" name="test_version" time="0.001" /><testcase classname="tests.test_invenio_userprofile" name="test_init" time="0.106" /><testcase classname="tests.test_invenio_userprofile" name="test_alembic" time="0.000"><skipped type="pytest.skip" message="Caused by mergepoint">/home/runner/work/invenio-bug-verification/invenio-bug-verification/package-repo/tests/test_invenio_userprofile.py:60: Caused by mergepoint</skipped></testcase><testcase classname="tests.test_models" name="ISORT" time="0.018" /><testcase classname="tests.test_models" name="black" time="0.172" /><testcase classname="tests.test_models" name="test_userprofiles" time="0.230" /><testcase classname="tests.test_models" name="test_case_insensitive_username" time="0.244" /><testcase classname="tests.test_models" name="test_case_preserving_username" time="0.243" /><testcase classname="tests.test_models" name="test_delete_cascade" time="0.320" /><testcase classname="tests.test_validators" name="ISORT" time="0.011" /><testcase classname="tests.test_validators" name="black" time="0.164" /><testcase classname="tests.test_validators" name="test_validate_username" time="0.229" /><testcase classname="tests.test_views" name="ISORT" time="0.063" /><testcase classname="tests.test_views" name="black" time="0.237" /><testcase classname="tests.test_views" name="test_profile_in_registration" time="0.605" /><testcase classname="tests.test_views" name="test_profile_view_not_accessible_without_login" time="0.264" /><testcase classname="tests.test_views" name="test_profile_view" time="0.631" /><testcase classname="tests.test_views" name="test_profile_name_exists" time="0.900" /><testcase classname="tests.test_views" name="test_profile_case_change" time="0.630" /><testcase classname="tests.test_views" name="test_send_verification_form" time="0.839" /><testcase classname="tests.test_views" name="test_change_email" time="0.916" /><testcase classname="tests.test_views" name="test_change_email_whitespace" time="0.815" /><testcase classname="invenio_userprofiles.__init__" name="PYDOCSTYLE" time="0.004" /><testcase classname="invenio_userprofiles.__init__" name="ISORT" time="0.015" /><testcase classname="invenio_userprofiles.__init__" name="black" time="0.164" /><testcase classname="invenio_userprofiles.alembic.41157f1933d6_remove_table" name="PYDOCSTYLE" time="0.007" /><testcase classname="invenio_userprofiles.alembic.41157f1933d6_remove_table" name="ISORT" time="0.019" /><testcase classname="invenio_userprofiles.alembic.41157f1933d6_remove_table" name="black" time="0.218" /><testcase classname="invenio_userprofiles.alembic.71634726ec7e_create_userprofiles_branch" name="PYDOCSTYLE" time="0.003" /><testcase classname="invenio_userprofiles.alembic.71634726ec7e_create_userprofiles_branch" name="ISORT" time="0.009" /><testcase classname="invenio_userprofiles.alembic.71634726ec7e_create_userprofiles_branch" name="black" time="0.164" /><testcase classname="invenio_userprofiles.alembic.c25ef2c50ffa_create_userprofiles_tables" name="PYDOCSTYLE" time="0.004" /><testcase classname="invenio_userprofiles.alembic.c25ef2c50ffa_create_userprofiles_tables" name="ISORT" time="0.011" /><testcase classname="invenio_userprofiles.alembic.c25ef2c50ffa_create_userprofiles_tables" name="black" time="0.168" /><testcase classname="invenio_userprofiles.api" name="PYDOCSTYLE" time="0.004" /><testcase classname="invenio_userprofiles.api" name="ISORT" time="0.011" /><testcase classname="invenio_userprofiles.api" name="black" time="0.165" /><testcase classname="invenio_userprofiles.config" name="PYDOCSTYLE" time="0.002" /><testcase classname="invenio_userprofiles.config" name="ISORT" time="0.007" /><testcase classname="invenio_userprofiles.config" name="black" time="0.163" /><testcase classname="invenio_userprofiles.ext" name="PYDOCSTYLE" time="0.011" /><testcase classname="invenio_userprofiles.ext" name="ISORT" time="0.022" /><testcase classname="invenio_userprofiles.ext" name="black" time="0.178" /><testcase classname="invenio_userprofiles.forms" name="PYDOCSTYLE" time="0.028" /><testcase classname="invenio_userprofiles.forms" name="ISORT" time="0.054" /><testcase classname="invenio_userprofiles.forms" name="black" time="0.214" /><testcase classname="invenio_userprofiles.models" name="PYDOCSTYLE" time="0.010" /><testcase classname="invenio_userprofiles.models" name="ISORT" time="0.018" /><testcase classname="invenio_userprofiles.models" name="black" time="0.185" /><testcase classname="invenio_userprofiles.validators" name="PYDOCSTYLE" time="0.004" /><testcase classname="invenio_userprofiles.validators" name="ISORT" time="0.009" /><testcase classname="invenio_userprofiles.validators" name="black" time="0.165" /><testcase classname="invenio_userprofiles.views" name="PYDOCSTYLE" time="0.012" /><testcase classname="invenio_userprofiles.views" name="ISORT" time="0.029" /><testcase classname="invenio_userprofiles.views" name="black" time="0.189" /></testsuite></testsuites>