<?xml version="1.0" encoding="utf-8"?><testsuites name="pytest tests"><testsuite name="pytest" errors="0" failures="0" skipped="1" tests="714" time="324.706" timestamp="2025-11-17T09:39:02.028211+00:00" hostname="runnervmg1sw1"><testcase classname="invenio_communities.__init__" name="PYDOCSTYLE" time="0.005" /><testcase classname="invenio_communities.__init__" name="ISORT" time="0.012" /><testcase classname="invenio_communities.__init__" name="black" time="0.299" /><testcase classname="invenio_communities.administration.__init__" name="PYDOCSTYLE" time="0.003" /><testcase classname="invenio_communities.administration.__init__" name="ISORT" time="0.004" /><testcase classname="invenio_communities.administration.__init__" name="black" time="0.164" /><testcase classname="invenio_communities.administration.communities" name="PYDOCSTYLE" time="0.011" /><testcase classname="invenio_communities.administration.communities" name="ISORT" time="0.131" /><testcase classname="invenio_communities.administration.communities" name="black" time="0.192" /><testcase classname="invenio_communities.alembic.__init__" name="PYDOCSTYLE" time="0.003" /><testcase classname="invenio_communities.alembic.__init__" name="ISORT" time="0.004" /><testcase classname="invenio_communities.alembic.__init__" name="black" time="0.165" /><testcase classname="invenio_communities.alembic.02cd82910727_update_role_id_type_upgrade" name="PYDOCSTYLE" time="0.006" /><testcase classname="invenio_communities.alembic.02cd82910727_update_role_id_type_upgrade" name="ISORT" time="0.015" /><testcase classname="invenio_communities.alembic.02cd82910727_update_role_id_type_upgrade" name="black" time="0.173" /><testcase classname="invenio_communities.alembic.37b21951084c_update_role_id_type_downgrade" name="PYDOCSTYLE" time="0.005" /><testcase classname="invenio_communities.alembic.37b21951084c_update_role_id_type_downgrade" name="ISORT" time="0.014" /><testcase classname="invenio_communities.alembic.37b21951084c_update_role_id_type_downgrade" name="black" time="0.171" /><testcase classname="invenio_communities.alembic.5b478fe7ef7f_create_featured_communities_table" name="PYDOCSTYLE" time="0.006" /><testcase classname="invenio_communities.alembic.5b478fe7ef7f_create_featured_communities_table" name="ISORT" time="0.015" /><testcase classname="invenio_communities.alembic.5b478fe7ef7f_create_featured_communities_table" name="black" time="0.174" /><testcase classname="invenio_communities.alembic.5c68d45c80f0_add_deletion_status_to_communities" name="PYDOCSTYLE" time="0.006" /><testcase classname="invenio_communities.alembic.5c68d45c80f0_add_deletion_status_to_communities" name="ISORT" time="0.020" /><testcase classname="invenio_communities.alembic.5c68d45c80f0_add_deletion_status_to_communities" name="black" time="0.176" /><testcase classname="invenio_communities.alembic.72b37bb4119c_create_indeces_for_bucket_id" name="PYDOCSTYLE" time="0.004" /><testcase classname="invenio_communities.alembic.72b37bb4119c_create_indeces_for_bucket_id" name="ISORT" time="0.011" /><testcase classname="invenio_communities.alembic.72b37bb4119c_create_indeces_for_bucket_id" name="black" time="0.172" /><testcase classname="invenio_communities.alembic.90642d415317_create_communities_branch" name="PYDOCSTYLE" time="0.003" /><testcase classname="invenio_communities.alembic.90642d415317_create_communities_branch" name="ISORT" time="0.006" /><testcase classname="invenio_communities.alembic.90642d415317_create_communities_branch" name="black" time="0.164" /><testcase classname="invenio_communities.alembic.a3f5a8635cbb_remove_version_table" name="PYDOCSTYLE" time="0.010" /><testcase classname="invenio_communities.alembic.a3f5a8635cbb_remove_version_table" name="ISORT" time="0.025" /><testcase classname="invenio_communities.alembic.a3f5a8635cbb_remove_version_table" name="black" time="0.184" /><testcase classname="invenio_communities.alembic.de9c14cbb0b2_create_communities_tables" name="PYDOCSTYLE" time="0.016" /><testcase classname="invenio_communities.alembic.de9c14cbb0b2_create_communities_tables" name="ISORT" time="0.037" /><testcase classname="invenio_communities.alembic.de9c14cbb0b2_create_communities_tables" name="black" time="0.215" /><testcase classname="invenio_communities.alembic.f701a32e6fbe_create_communities_members_table" name="PYDOCSTYLE" time="0.008" /><testcase classname="invenio_communities.alembic.f701a32e6fbe_create_communities_members_table" name="ISORT" time="0.019" /><testcase classname="invenio_communities.alembic.f701a32e6fbe_create_communities_members_table" name="black" time="0.196" /><testcase classname="invenio_communities.alembic.fbe746957cfc_create_member_tables" name="PYDOCSTYLE" time="0.014" /><testcase classname="invenio_communities.alembic.fbe746957cfc_create_member_tables" name="ISORT" time="0.039" /><testcase classname="invenio_communities.alembic.fbe746957cfc_create_member_tables" name="black" time="0.200" /><testcase classname="invenio_communities.cache.__init__" name="PYDOCSTYLE" time="0.002" /><testcase classname="invenio_communities.cache.__init__" name="ISORT" time="0.004" /><testcase classname="invenio_communities.cache.__init__" name="black" time="0.161" /><testcase classname="invenio_communities.cache.cache" name="PYDOCSTYLE" time="0.007" /><testcase classname="invenio_communities.cache.cache" name="ISORT" time="0.013" /><testcase classname="invenio_communities.cache.cache" name="black" time="0.166" /><testcase classname="invenio_communities.cache.redis" name="PYDOCSTYLE" time="0.009" /><testcase classname="invenio_communities.cache.redis" name="ISORT" time="0.017" /><testcase classname="invenio_communities.cache.redis" name="black" time="0.173" /><testcase classname="invenio_communities.cli" name="PYDOCSTYLE" time="0.015" /><testcase classname="invenio_communities.cli" name="ISORT" time="0.036" /><testcase classname="invenio_communities.cli" name="black" time="0.187" /><testcase classname="invenio_communities.communities.__init__" name="PYDOCSTYLE" time="0.003" /><testcase classname="invenio_communities.communities.__init__" name="ISORT" time="0.008" /><testcase classname="invenio_communities.communities.__init__" name="black" time="0.162" /><testcase classname="invenio_communities.communities.dumpers.__init__" name="PYDOCSTYLE" time="0.002" /><testcase classname="invenio_communities.communities.dumpers.__init__" name="ISORT" time="0.004" /><testcase classname="invenio_communities.communities.dumpers.__init__" name="black" time="0.159" /><testcase classname="invenio_communities.communities.dumpers.featured" name="PYDOCSTYLE" time="0.007" /><testcase classname="invenio_communities.communities.dumpers.featured" name="ISORT" time="0.014" /><testcase classname="invenio_communities.communities.dumpers.featured" name="black" time="0.170" /><testcase classname="invenio_communities.communities.entity_resolvers" name="PYDOCSTYLE" time="0.011" /><testcase classname="invenio_communities.communities.entity_resolvers" name="ISORT" time="0.021" /><testcase classname="invenio_communities.communities.entity_resolvers" name="black" time="0.177" /><testcase classname="invenio_communities.communities.records.__init__" name="PYDOCSTYLE" time="0.003" /><testcase classname="invenio_communities.communities.records.__init__" name="ISORT" time="0.004" /><testcase classname="invenio_communities.communities.records.__init__" name="black" time="0.168" /><testcase classname="invenio_communities.communities.records.api" name="PYDOCSTYLE" time="0.015" /><testcase classname="invenio_communities.communities.records.api" name="ISORT" time="0.060" /><testcase classname="invenio_communities.communities.records.api" name="black" time="0.195" /><testcase classname="invenio_communities.communities.records.jsonschemas.__init__" name="PYDOCSTYLE" time="0.003" /><testcase classname="invenio_communities.communities.records.jsonschemas.__init__" name="ISORT" time="0.005" /><testcase classname="invenio_communities.communities.records.jsonschemas.__init__" name="black" time="0.160" /><testcase classname="invenio_communities.communities.records.mappings.__init__" name="PYDOCSTYLE" time="0.003" /><testcase classname="invenio_communities.communities.records.mappings.__init__" name="ISORT" time="0.004" /><testcase classname="invenio_communities.communities.records.mappings.__init__" name="black" time="0.161" /><testcase classname="invenio_communities.communities.records.mappings.os-v1.__init__" name="PYDOCSTYLE" time="0.002" /><testcase classname="invenio_communities.communities.records.mappings.os-v1.__init__" name="ISORT" time="0.004" /><testcase classname="invenio_communities.communities.records.mappings.os-v1.__init__" name="black" time="0.161" /><testcase classname="invenio_communities.communities.records.mappings.os-v2.__init__" name="PYDOCSTYLE" time="0.002" /><testcase classname="invenio_communities.communities.records.mappings.os-v2.__init__" name="ISORT" time="0.004" /><testcase classname="invenio_communities.communities.records.mappings.os-v2.__init__" name="black" time="0.160" /><testcase classname="invenio_communities.communities.records.mappings.v7.__init__" name="PYDOCSTYLE" time="0.003" /><testcase classname="invenio_communities.communities.records.mappings.v7.__init__" name="ISORT" time="0.004" /><testcase classname="invenio_communities.communities.records.mappings.v7.__init__" name="black" time="0.163" /><testcase classname="invenio_communities.communities.records.models" name="PYDOCSTYLE" time="0.007" /><testcase classname="invenio_communities.communities.records.models" name="ISORT" time="0.019" /><testcase classname="invenio_communities.communities.records.models" name="black" time="0.173" /><testcase classname="invenio_communities.communities.records.systemfields.__init__" name="PYDOCSTYLE" time="0.003" /><testcase classname="invenio_communities.communities.records.systemfields.__init__" name="ISORT" time="0.004" /><testcase classname="invenio_communities.communities.records.systemfields.__init__" name="black" time="0.161" /><testcase classname="invenio_communities.communities.records.systemfields.access" name="PYDOCSTYLE" time="0.031" /><testcase classname="invenio_communities.communities.records.systemfields.access" name="ISORT" time="0.049" /><testcase classname="invenio_communities.communities.records.systemfields.access" name="black" time="0.216" /><testcase classname="invenio_communities.communities.records.systemfields.children" name="PYDOCSTYLE" time="0.011" /><testcase classname="invenio_communities.communities.records.systemfields.children" name="ISORT" time="0.019" /><testcase classname="invenio_communities.communities.records.systemfields.children" name="black" time="0.178" /><testcase classname="invenio_communities.communities.records.systemfields.deletion_status" name="PYDOCSTYLE" time="0.013" /><testcase classname="invenio_communities.communities.records.systemfields.deletion_status" name="ISORT" time="0.022" /><testcase classname="invenio_communities.communities.records.systemfields.deletion_status" name="black" time="0.184" /><testcase classname="invenio_communities.communities.records.systemfields.is_verified" name="PYDOCSTYLE" time="0.005" /><testcase classname="invenio_communities.communities.records.systemfields.is_verified" name="ISORT" time="0.012" /><testcase classname="invenio_communities.communities.records.systemfields.is_verified" name="black" time="0.167" /><testcase classname="invenio_communities.communities.records.systemfields.parent_community" name="PYDOCSTYLE" time="0.011" /><testcase classname="invenio_communities.communities.records.systemfields.parent_community" name="ISORT" time="0.024" /><testcase classname="invenio_communities.communities.records.systemfields.parent_community" name="black" time="0.185" /><testcase classname="invenio_communities.communities.records.systemfields.pidslug" name="PYDOCSTYLE" time="0.010" /><testcase classname="invenio_communities.communities.records.systemfields.pidslug" name="ISORT" time="0.020" /><testcase classname="invenio_communities.communities.records.systemfields.pidslug" name="black" time="0.178" /><testcase classname="invenio_communities.communities.records.systemfields.tombstone" name="PYDOCSTYLE" time="0.019" /><testcase classname="invenio_communities.communities.records.systemfields.tombstone" name="ISORT" time="0.032" /><testcase classname="invenio_communities.communities.records.systemfields.tombstone" name="black" time="0.194" /><testcase classname="invenio_communities.communities.resources.__init__" name="PYDOCSTYLE" time="0.003" /><testcase classname="invenio_communities.communities.resources.__init__" name="ISORT" time="0.006" /><testcase classname="invenio_communities.communities.resources.__init__" name="black" time="0.162" /><testcase classname="invenio_communities.communities.resources.args" name="PYDOCSTYLE" time="0.003" /><testcase classname="invenio_communities.communities.resources.args" name="ISORT" time="0.009" /><testcase classname="invenio_communities.communities.resources.args" name="black" time="0.165" /><testcase classname="invenio_communities.communities.resources.config" name="PYDOCSTYLE" time="0.008" /><testcase classname="invenio_communities.communities.resources.config" name="ISORT" time="0.029" /><testcase classname="invenio_communities.communities.resources.config" name="black" time="0.182" /><testcase classname="invenio_communities.communities.resources.resource" name="PYDOCSTYLE" time="0.023" /><testcase classname="invenio_communities.communities.resources.resource" name="ISORT" time="0.044" /><testcase classname="invenio_communities.communities.resources.resource" name="black" time="0.209" /><testcase classname="invenio_communities.communities.resources.serializer" name="PYDOCSTYLE" time="0.004" /><testcase classname="invenio_communities.communities.resources.serializer" name="ISORT" time="0.010" /><testcase classname="invenio_communities.communities.resources.serializer" name="black" time="0.167" /><testcase classname="invenio_communities.communities.resources.ui_schema" name="PYDOCSTYLE" time="0.015" /><testcase classname="invenio_communities.communities.resources.ui_schema" name="ISORT" time="0.038" /><testcase classname="invenio_communities.communities.resources.ui_schema" name="black" time="0.197" /><testcase classname="invenio_communities.communities.schema" name="PYDOCSTYLE" time="0.026" /><testcase classname="invenio_communities.communities.schema" name="ISORT" time="0.061" /><testcase classname="invenio_communities.communities.schema" name="black" time="0.225" /><testcase classname="invenio_communities.communities.services.__init__" name="PYDOCSTYLE" time="0.003" /><testcase classname="invenio_communities.communities.services.__init__" name="ISORT" time="0.007" /><testcase classname="invenio_communities.communities.services.__init__" name="black" time="0.163" /><testcase classname="invenio_communities.communities.services.components" name="PYDOCSTYLE" time="0.039" /><testcase classname="invenio_communities.communities.services.components" name="ISORT" time="0.067" /><testcase classname="invenio_communities.communities.services.components" name="black" time="0.250" /><testcase classname="invenio_communities.communities.services.config" name="PYDOCSTYLE" time="0.012" /><testcase classname="invenio_communities.communities.services.config" name="ISORT" time="0.041" /><testcase classname="invenio_communities.communities.services.config" name="black" time="0.192" /><testcase classname="invenio_communities.communities.services.facets" name="PYDOCSTYLE" time="0.005" /><testcase classname="invenio_communities.communities.services.facets" name="ISORT" time="0.014" /><testcase classname="invenio_communities.communities.services.facets" name="black" time="0.170" /><testcase classname="invenio_communities.communities.services.links" name="PYDOCSTYLE" time="0.009" /><testcase classname="invenio_communities.communities.services.links" name="ISORT" time="0.016" /><testcase classname="invenio_communities.communities.services.links" name="black" time="0.177" /><testcase classname="invenio_communities.communities.services.results" name="PYDOCSTYLE" time="0.012" /><testcase classname="invenio_communities.communities.services.results" name="ISORT" time="0.022" /><testcase classname="invenio_communities.communities.services.results" name="black" time="0.181" /><testcase classname="invenio_communities.communities.services.search_params" name="PYDOCSTYLE" time="0.006" /><testcase classname="invenio_communities.communities.services.search_params" name="ISORT" time="0.012" /><testcase classname="invenio_communities.communities.services.search_params" name="black" time="0.167" /><testcase classname="invenio_communities.communities.services.service" name="PYDOCSTYLE" time="0.059" /><testcase classname="invenio_communities.communities.services.service" name="ISORT" time="0.128" /><testcase classname="invenio_communities.communities.services.service" name="black" time="0.311" /><testcase classname="invenio_communities.communities.services.sort" name="PYDOCSTYLE" time="0.005" /><testcase classname="invenio_communities.communities.services.sort" name="ISORT" time="0.011" /><testcase classname="invenio_communities.communities.services.sort" name="black" time="0.164" /><testcase classname="invenio_communities.communities.services.uow" name="PYDOCSTYLE" time="0.006" /><testcase classname="invenio_communities.communities.services.uow" name="ISORT" time="0.011" /><testcase classname="invenio_communities.communities.services.uow" name="black" time="0.165" /><testcase classname="invenio_communities.config" name="PYDOCSTYLE" time="0.015" /><testcase classname="invenio_communities.config" name="ISORT" time="0.053" /><testcase classname="invenio_communities.config" name="black" time="0.209" /><testcase classname="invenio_communities.errors" name="PYDOCSTYLE" time="0.010" /><testcase classname="invenio_communities.errors" name="ISORT" time="0.021" /><testcase classname="invenio_communities.errors" name="black" time="0.188" /><testcase classname="invenio_communities.ext" name="PYDOCSTYLE" time="0.025" /><testcase classname="invenio_communities.ext" name="ISORT" time="0.042" /><testcase classname="invenio_communities.ext" name="black" time="0.205" /><testcase classname="invenio_communities.fixtures.__init__" name="PYDOCSTYLE" time="0.003" /><testcase classname="invenio_communities.fixtures.__init__" name="ISORT" time="0.004" /><testcase classname="invenio_communities.fixtures.__init__" name="black" time="0.160" /><testcase classname="invenio_communities.fixtures.demo" name="PYDOCSTYLE" time="0.005" /><testcase classname="invenio_communities.fixtures.demo" name="ISORT" time="0.010" /><testcase classname="invenio_communities.fixtures.demo" name="black" time="0.165" /><testcase classname="invenio_communities.fixtures.tasks" name="PYDOCSTYLE" time="0.008" /><testcase classname="invenio_communities.fixtures.tasks" name="ISORT" time="0.021" /><testcase classname="invenio_communities.fixtures.tasks" name="black" time="0.173" /><testcase classname="invenio_communities.generators" name="PYDOCSTYLE" time="0.044" /><testcase classname="invenio_communities.generators" name="ISORT" time="0.068" /><testcase classname="invenio_communities.generators" name="black" time="0.244" /><testcase classname="invenio_communities.members.__init__" name="PYDOCSTYLE" time="0.003" /><testcase classname="invenio_communities.members.__init__" name="ISORT" time="0.008" /><testcase classname="invenio_communities.members.__init__" name="black" time="0.166" /><testcase classname="invenio_communities.members.errors" name="PYDOCSTYLE" time="0.004" /><testcase classname="invenio_communities.members.errors" name="ISORT" time="0.006" /><testcase classname="invenio_communities.members.errors" name="black" time="0.165" /><testcase classname="invenio_communities.members.records.__init__" name="PYDOCSTYLE" time="0.003" /><testcase classname="invenio_communities.members.records.__init__" name="ISORT" time="0.007" /><testcase classname="invenio_communities.members.records.__init__" name="black" time="0.162" /><testcase classname="invenio_communities.members.records.api" name="PYDOCSTYLE" time="0.017" /><testcase classname="invenio_communities.members.records.api" name="ISORT" time="0.044" /><testcase classname="invenio_communities.members.records.api" name="black" time="0.200" /><testcase classname="invenio_communities.members.records.mappings.__init__" name="PYDOCSTYLE" time="0.003" /><testcase classname="invenio_communities.members.records.mappings.__init__" name="ISORT" time="0.004" /><testcase classname="invenio_communities.members.records.mappings.__init__" name="black" time="0.161" /><testcase classname="invenio_communities.members.records.mappings.os-v1.__init__" name="PYDOCSTYLE" time="0.003" /><testcase classname="invenio_communities.members.records.mappings.os-v1.__init__" name="ISORT" time="0.004" /><testcase classname="invenio_communities.members.records.mappings.os-v1.__init__" name="black" time="0.164" /><testcase classname="invenio_communities.members.records.mappings.os-v2.__init__" name="PYDOCSTYLE" time="0.003" /><testcase classname="invenio_communities.members.records.mappings.os-v2.__init__" name="ISORT" time="0.005" /><testcase classname="invenio_communities.members.records.mappings.os-v2.__init__" name="black" time="0.167" /><testcase classname="invenio_communities.members.records.mappings.v7.__init__" name="PYDOCSTYLE" time="0.003" /><testcase classname="invenio_communities.members.records.mappings.v7.__init__" name="ISORT" time="0.004" /><testcase classname="invenio_communities.members.records.mappings.v7.__init__" name="black" time="0.163" /><testcase classname="invenio_communities.members.records.models" name="PYDOCSTYLE" time="0.016" /><testcase classname="invenio_communities.members.records.models" name="ISORT" time="0.033" /><testcase classname="invenio_communities.members.records.models" name="black" time="0.195" /><testcase classname="invenio_communities.members.resources.__init__" name="PYDOCSTYLE" time="0.004" /><testcase classname="invenio_communities.members.resources.__init__" name="ISORT" time="0.007" /><testcase classname="invenio_communities.members.resources.__init__" name="black" time="0.166" /><testcase classname="invenio_communities.members.resources.config" name="PYDOCSTYLE" time="0.005" /><testcase classname="invenio_communities.members.resources.config" name="ISORT" time="0.018" /><testcase classname="invenio_communities.members.resources.config" name="black" time="0.174" /><testcase classname="invenio_communities.members.resources.resource" name="PYDOCSTYLE" time="0.014" /><testcase classname="invenio_communities.members.resources.resource" name="ISORT" time="0.029" /><testcase classname="invenio_communities.members.resources.resource" name="black" time="0.194" /><testcase classname="invenio_communities.members.services.__init__" name="PYDOCSTYLE" time="0.004" /><testcase classname="invenio_communities.members.services.__init__" name="ISORT" time="0.007" /><testcase classname="invenio_communities.members.services.__init__" name="black" time="0.165" /><testcase classname="invenio_communities.members.services.components" name="PYDOCSTYLE" time="0.010" /><testcase classname="invenio_communities.members.services.components" name="ISORT" time="0.021" /><testcase classname="invenio_communities.members.services.components" name="black" time="0.181" /><testcase classname="invenio_communities.members.services.config" name="PYDOCSTYLE" time="0.012" /><testcase classname="invenio_communities.members.services.config" name="ISORT" time="0.039" /><testcase classname="invenio_communities.members.services.config" name="black" time="0.202" /><testcase classname="invenio_communities.members.services.facets" name="PYDOCSTYLE" time="0.005" /><testcase classname="invenio_communities.members.services.facets" name="ISORT" time="0.013" /><testcase classname="invenio_communities.members.services.facets" name="black" time="0.171" /><testcase classname="invenio_communities.members.services.fields" name="PYDOCSTYLE" time="0.006" /><testcase classname="invenio_communities.members.services.fields" name="ISORT" time="0.013" /><testcase classname="invenio_communities.members.services.fields" name="black" time="0.169" /><testcase classname="invenio_communities.members.services.request" name="PYDOCSTYLE" time="0.014" /><testcase classname="invenio_communities.members.services.request" name="ISORT" time="0.030" /><testcase classname="invenio_communities.members.services.request" name="black" time="0.187" /><testcase classname="invenio_communities.members.services.schemas" name="PYDOCSTYLE" time="0.020" /><testcase classname="invenio_communities.members.services.schemas" name="ISORT" time="0.038" /><testcase classname="invenio_communities.members.services.schemas" name="black" time="0.202" /><testcase classname="invenio_communities.members.services.service" name="PYDOCSTYLE" time="0.060" /><testcase classname="invenio_communities.members.services.service" name="ISORT" time="0.131" /><testcase classname="invenio_communities.members.services.service" name="black" time="0.298" /><testcase classname="invenio_communities.notifications.__init__" name="PYDOCSTYLE" time="0.003" /><testcase classname="invenio_communities.notifications.__init__" name="ISORT" time="0.004" /><testcase classname="invenio_communities.notifications.__init__" name="black" time="0.161" /><testcase classname="invenio_communities.notifications.builders" name="PYDOCSTYLE" time="0.023" /><testcase classname="invenio_communities.notifications.builders" name="ISORT" time="0.057" /><testcase classname="invenio_communities.notifications.builders" name="black" time="0.216" /><testcase classname="invenio_communities.notifications.generators" name="PYDOCSTYLE" time="0.007" /><testcase classname="invenio_communities.notifications.generators" name="ISORT" time="0.018" /><testcase classname="invenio_communities.notifications.generators" name="black" time="0.173" /><testcase classname="invenio_communities.permissions" name="PYDOCSTYLE" time="0.013" /><testcase classname="invenio_communities.permissions" name="ISORT" time="0.036" /><testcase classname="invenio_communities.permissions" name="black" time="0.196" /><testcase classname="invenio_communities.proxies" name="PYDOCSTYLE" time="0.004" /><testcase classname="invenio_communities.proxies" name="ISORT" time="0.010" /><testcase classname="invenio_communities.proxies" name="black" time="0.163" /><testcase classname="invenio_communities.records.__init__" name="PYDOCSTYLE" time="0.003" /><testcase classname="invenio_communities.records.__init__" name="ISORT" time="0.004" /><testcase classname="invenio_communities.records.__init__" name="black" time="0.161" /><testcase classname="invenio_communities.records.records.__init__" name="PYDOCSTYLE" time="0.003" /><testcase classname="invenio_communities.records.records.__init__" name="ISORT" time="0.004" /><testcase classname="invenio_communities.records.records.__init__" name="black" time="0.163" /><testcase classname="invenio_communities.records.records.models" name="PYDOCSTYLE" time="0.007" /><testcase classname="invenio_communities.records.records.models" name="ISORT" time="0.015" /><testcase classname="invenio_communities.records.records.models" name="black" time="0.170" /><testcase classname="invenio_communities.records.records.systemfields.__init__" name="PYDOCSTYLE" time="0.004" /><testcase classname="invenio_communities.records.records.systemfields.__init__" name="ISORT" time="0.006" /><testcase classname="invenio_communities.records.records.systemfields.__init__" name="black" time="0.162" /><testcase classname="invenio_communities.records.records.systemfields.communities.__init__" name="PYDOCSTYLE" time="0.003" /><testcase classname="invenio_communities.records.records.systemfields.communities.__init__" name="ISORT" time="0.004" /><testcase classname="invenio_communities.records.records.systemfields.communities.__init__" name="black" time="0.163" /><testcase classname="invenio_communities.records.records.systemfields.communities.context" name="PYDOCSTYLE" time="0.005" /><testcase classname="invenio_communities.records.records.systemfields.communities.context" name="ISORT" time="0.009" /><testcase classname="invenio_communities.records.records.systemfields.communities.context" name="black" time="0.162" /><testcase classname="invenio_communities.records.records.systemfields.communities.field" name="PYDOCSTYLE" time="0.011" /><testcase classname="invenio_communities.records.records.systemfields.communities.field" name="ISORT" time="0.024" /><testcase classname="invenio_communities.records.records.systemfields.communities.field" name="black" time="0.181" /><testcase classname="invenio_communities.records.records.systemfields.communities.manager" name="PYDOCSTYLE" time="0.022" /><testcase classname="invenio_communities.records.records.systemfields.communities.manager" name="ISORT" time="0.036" /><testcase classname="invenio_communities.records.records.systemfields.communities.manager" name="black" time="0.199" /><testcase classname="invenio_communities.requests.user_moderation.__init__" name="PYDOCSTYLE" time="0.003" /><testcase classname="invenio_communities.requests.user_moderation.__init__" name="ISORT" time="0.005" /><testcase classname="invenio_communities.requests.user_moderation.__init__" name="black" time="0.163" /><testcase classname="invenio_communities.requests.user_moderation.actions" name="PYDOCSTYLE" time="0.012" /><testcase classname="invenio_communities.requests.user_moderation.actions" name="ISORT" time="0.027" /><testcase classname="invenio_communities.requests.user_moderation.actions" name="black" time="0.184" /><testcase classname="invenio_communities.requests.user_moderation.tasks" name="PYDOCSTYLE" time="0.005" /><testcase classname="invenio_communities.requests.user_moderation.tasks" name="ISORT" time="0.012" /><testcase classname="invenio_communities.requests.user_moderation.tasks" name="black" time="0.167" /><testcase classname="invenio_communities.roles" name="PYDOCSTYLE" time="0.012" /><testcase classname="invenio_communities.roles" name="ISORT" time="0.021" /><testcase classname="invenio_communities.roles" name="black" time="0.183" /><testcase classname="invenio_communities.searchapp" name="PYDOCSTYLE" time="0.007" /><testcase classname="invenio_communities.searchapp" name="ISORT" time="0.016" /><testcase classname="invenio_communities.searchapp" name="black" time="0.175" /><testcase classname="invenio_communities.subcommunities.__init__" name="PYDOCSTYLE" time="0.003" /><testcase classname="invenio_communities.subcommunities.__init__" name="ISORT" time="0.007" /><testcase classname="invenio_communities.subcommunities.__init__" name="black" time="0.164" /><testcase classname="invenio_communities.subcommunities.resources.__init__" name="PYDOCSTYLE" time="0.003" /><testcase classname="invenio_communities.subcommunities.resources.__init__" name="ISORT" time="0.006" /><testcase classname="invenio_communities.subcommunities.resources.__init__" name="black" time="0.166" /><testcase classname="invenio_communities.subcommunities.resources.config" name="PYDOCSTYLE" time="0.006" /><testcase classname="invenio_communities.subcommunities.resources.config" name="ISORT" time="0.018" /><testcase classname="invenio_communities.subcommunities.resources.config" name="black" time="0.178" /><testcase classname="invenio_communities.subcommunities.resources.resource" name="PYDOCSTYLE" time="0.006" /><testcase classname="invenio_communities.subcommunities.resources.resource" name="ISORT" time="0.014" /><testcase classname="invenio_communities.subcommunities.resources.resource" name="black" time="0.171" /><testcase classname="invenio_communities.subcommunities.services.__init__" name="PYDOCSTYLE" time="0.004" /><testcase classname="invenio_communities.subcommunities.services.__init__" name="ISORT" time="0.007" /><testcase classname="invenio_communities.subcommunities.services.__init__" name="black" time="0.166" /><testcase classname="invenio_communities.subcommunities.services.config" name="PYDOCSTYLE" time="0.006" /><testcase classname="invenio_communities.subcommunities.services.config" name="ISORT" time="0.017" /><testcase classname="invenio_communities.subcommunities.services.config" name="black" time="0.171" /><testcase classname="invenio_communities.subcommunities.services.errors" name="PYDOCSTYLE" time="0.003" /><testcase classname="invenio_communities.subcommunities.services.errors" name="ISORT" time="0.005" /><testcase classname="invenio_communities.subcommunities.services.errors" name="black" time="0.165" /><testcase classname="invenio_communities.subcommunities.services.request" name="PYDOCSTYLE" time="0.017" /><testcase classname="invenio_communities.subcommunities.services.request" name="ISORT" time="0.038" /><testcase classname="invenio_communities.subcommunities.services.request" name="black" time="0.200" /><testcase classname="invenio_communities.subcommunities.services.schema" name="PYDOCSTYLE" time="0.007" /><testcase classname="invenio_communities.subcommunities.services.schema" name="ISORT" time="0.013" /><testcase classname="invenio_communities.subcommunities.services.schema" name="black" time="0.172" /><testcase classname="invenio_communities.subcommunities.services.service" name="PYDOCSTYLE" time="0.016" /><testcase classname="invenio_communities.subcommunities.services.service" name="ISORT" time="0.038" /><testcase classname="invenio_communities.subcommunities.services.service" name="black" time="0.196" /><testcase classname="invenio_communities.tasks" name="PYDOCSTYLE" time="0.004" /><testcase classname="invenio_communities.tasks" name="ISORT" time="0.009" /><testcase classname="invenio_communities.tasks" name="black" time="0.163" /><testcase classname="invenio_communities.utils" name="PYDOCSTYLE" time="0.012" /><testcase classname="invenio_communities.utils" name="ISORT" time="0.024" /><testcase classname="invenio_communities.utils" name="black" time="0.184" /><testcase classname="invenio_communities.views.__init__" name="PYDOCSTYLE" time="0.004" /><testcase classname="invenio_communities.views.__init__" name="ISORT" time="0.008" /><testcase classname="invenio_communities.views.__init__" name="black" time="0.169" /><testcase classname="invenio_communities.views.api" name="PYDOCSTYLE" time="0.006" /><testcase classname="invenio_communities.views.api" name="ISORT" time="0.010" /><testcase classname="invenio_communities.views.api" name="black" time="0.167" /><testcase classname="invenio_communities.views.communities" name="PYDOCSTYLE" time="0.040" /><testcase classname="invenio_communities.views.communities" name="ISORT" time="0.093" /><testcase classname="invenio_communities.views.communities" name="black" time="0.265" /><testcase classname="invenio_communities.views.decorators" name="PYDOCSTYLE" time="0.009" /><testcase classname="invenio_communities.views.decorators" name="ISORT" time="0.016" /><testcase classname="invenio_communities.views.decorators" name="black" time="0.178" /><testcase classname="invenio_communities.views.template_loader" name="PYDOCSTYLE" time="0.010" /><testcase classname="invenio_communities.views.template_loader" name="ISORT" time="0.017" /><testcase classname="invenio_communities.views.template_loader" name="black" time="0.182" /><testcase classname="invenio_communities.views.ui" name="PYDOCSTYLE" time="0.019" /><testcase classname="invenio_communities.views.ui" name="ISORT" time="0.047" /><testcase classname="invenio_communities.views.ui" name="black" time="0.206" /><testcase classname="invenio_communities.webpack" name="PYDOCSTYLE" time="0.007" /><testcase classname="invenio_communities.webpack" name="ISORT" time="0.019" /><testcase classname="invenio_communities.webpack" name="black" time="0.178" /><testcase classname="setup" name="PYDOCSTYLE" time="0.003" /><testcase classname="setup" name="ISORT" time="0.007" /><testcase classname="setup" name="black" time="0.166" /><testcase classname="tests.__init__" name="PYDOCSTYLE" time="0.003" /><testcase classname="tests.__init__" name="ISORT" time="0.004" /><testcase classname="tests.__init__" name="black" time="0.170" /><testcase classname="tests.cache.__init__" name="PYDOCSTYLE" time="0.003" /><testcase classname="tests.cache.__init__" name="ISORT" time="0.004" /><testcase classname="tests.cache.__init__" name="black" time="0.163" /><testcase classname="tests.cache.test_identity_redis_cache" name="ISORT" time="0.012" /><testcase classname="tests.cache.test_identity_redis_cache" name="black" time="0.172" /><testcase classname="tests.cache.test_identity_redis_cache" name="test_cache_deletion" time="4.314" /><testcase classname="tests.cache.test_identity_redis_cache" name="test_cache_flush" time="0.004" /><testcase classname="tests.cache.test_identity_redis_cache" name="test_default_prefix_for_redis" time="0.002" /><testcase classname="tests.cache.test_identity_redis_cache" name="test_timeout_config" time="3.539" /><testcase classname="tests.communities.__init__" name="PYDOCSTYLE" time="0.004" /><testcase classname="tests.communities.__init__" name="ISORT" time="0.004" /><testcase classname="tests.communities.__init__" name="black" time="0.166" /><testcase classname="tests.communities.conftest" name="PYDOCSTYLE" time="0.009" /><testcase classname="tests.communities.conftest" name="ISORT" time="0.021" /><testcase classname="tests.communities.conftest" name="black" time="0.174" /><testcase classname="tests.communities.test_alembic" name="ISORT" time="0.013" /><testcase classname="tests.communities.test_alembic" name="black" time="0.178" /><testcase classname="tests.communities.test_alembic" name="test_alembic" time="0.000"><skipped type="pytest.skip" message="Caused by mergepoint">/home/runner/work/invenio-bug-verification/invenio-bug-verification/package-repo/tests/communities/test_alembic.py:21: Caused by mergepoint</skipped></testcase><testcase classname="tests.communities.test_cli" name="ISORT" time="0.017" /><testcase classname="tests.communities.test_cli" name="black" time="0.172" /><testcase classname="tests.communities.test_cli" name="test_fake_demo_community_creation" time="6.544" /><testcase classname="tests.communities.test_cli" name="test_create_communities_custom_fields" time="2.709" /><testcase classname="tests.communities.test_community_ui_serializer" name="ISORT" time="0.018" /><testcase classname="tests.communities.test_community_ui_serializer" name="black" time="0.176" /><testcase classname="tests.communities.test_community_ui_serializer" name="test_ui_serializer" time="3.724" /><testcase classname="tests.communities.test_components" name="ISORT" time="0.041" /><testcase classname="tests.communities.test_components" name="black" time="0.210" /><testcase classname="tests.communities.test_components" name="test_oai_set_create_community" time="3.011" /><testcase classname="tests.communities.test_components" name="test_oai_set_delete_community" time="0.350" /><testcase classname="tests.communities.test_components" name="test_oai_set_renamed" time="0.402" /><testcase classname="tests.communities.test_components" name="test_oai_set_update" time="0.373" /><testcase classname="tests.communities.test_components" name="test_children_component" time="0.727" /><testcase classname="tests.communities.test_components" name="test_children_component_without_children" time="0.987" /><testcase classname="tests.communities.test_parent_community" name="ISORT" time="0.021" /><testcase classname="tests.communities.test_parent_community" name="black" time="0.180" /><testcase classname="tests.communities.test_parent_community" name="test_set_parent_community_with_comm_obj" time="3.349" /><testcase classname="tests.communities.test_parent_community" name="test_set_parent_community_with_comm_uuid" time="0.321" /><testcase classname="tests.communities.test_parent_community" name="test_set_parent_community_with_comm_uuid_string" time="0.604" /><testcase classname="tests.communities.test_parent_community" name="test_invalid_set_parent_community_with_comm_slug" time="0.003" /><testcase classname="tests.communities.test_parent_community" name="test_invalid_set_parent_community_with_random_object" time="0.002" /><testcase classname="tests.communities.test_parent_community" name="test_parent_community_dereferencing" time="0.817" /><testcase classname="tests.communities.test_permissions" name="ISORT" time="0.016" /><testcase classname="tests.communities.test_permissions" name="black" time="0.174" /><testcase classname="tests.communities.test_permissions" name="test_can_request_membership" time="3.942" /><testcase classname="tests.communities.test_relations_organizations" name="ISORT" time="0.028" /><testcase classname="tests.communities.test_relations_organizations" name="black" time="0.191" /><testcase classname="tests.communities.test_relations_organizations" name="test_organizations_field" time="2.552" /><testcase classname="tests.communities.test_relations_organizations" name="test_community_organizations_validation" time="0.659" /><testcase classname="tests.communities.test_relations_organizations" name="test_community_organizations_with_multiple_organizations" time="0.904" /><testcase classname="tests.communities.test_relations_organizations" name="test_community_organizations_with_name_cleanup_validation" time="0.483" /><testcase classname="tests.communities.test_relations_organizations" name="test_community_organizations_indexing" time="0.624" /><testcase classname="tests.communities.test_relations_organizations" name="test_community_organizations_invalid" time="0.984" /><testcase classname="tests.communities.test_relations_types" name="ISORT" time="0.019" /><testcase classname="tests.communities.test_relations_types" name="black" time="0.176" /><testcase classname="tests.communities.test_relations_types" name="test_valid_community_types[organization-organization]" time="3.111" /><testcase classname="tests.communities.test_relations_types" name="test_valid_community_types[event-event]" time="0.558" /><testcase classname="tests.communities.test_relations_types" name="test_valid_community_types[topic-topic]" time="0.561" /><testcase classname="tests.communities.test_relations_types" name="test_valid_community_types[project-project]" time="1.008" /><testcase classname="tests.communities.test_relations_types" name="test_invalid_community_type" time="0.554" /><testcase classname="tests.communities.test_relations_types" name="test_organizations_field" time="0.430" /><testcase classname="tests.communities.test_resources" name="ISORT" time="0.146" /><testcase classname="tests.communities.test_resources" name="black" time="0.375" /><testcase classname="tests.communities.test_resources" name="test_simple_flow" time="5.202" /><testcase classname="tests.communities.test_resources" name="test_post_schema_validation" time="2.084" /><testcase classname="tests.communities.test_resources" name="test_post_metadata_schema_validation" time="2.267" /><testcase classname="tests.communities.test_resources" name="test_post_community_with_existing_id" time="1.952" /><testcase classname="tests.communities.test_resources" name="test_post_community_with_deleted_id" time="2.483" /><testcase classname="tests.communities.test_resources" name="test_post_self_links" time="1.966" /><testcase classname="tests.communities.test_resources" name="test_simple_search_response" time="5.812" /><testcase classname="tests.communities.test_resources" name="test_simple_get_response" time="2.230" /><testcase classname="tests.communities.test_resources" name="test_simple_put_response" time="2.340" /><testcase classname="tests.communities.test_resources" name="test_update_renamed_record" time="2.029" /><testcase classname="tests.communities.test_resources" name="test_simple_delete_response" time="2.046" /><testcase classname="tests.communities.test_resources" name="test_logo_flow" time="2.228" /><testcase classname="tests.communities.test_resources" name="test_logo_max_content_length" time="2.432" /><testcase classname="tests.communities.test_resources" name="test_invalid_community_ids_create" time="1.752" /><testcase classname="tests.communities.test_resources" name="test_invalid_community_ids" time="2.048" /><testcase classname="tests.communities.test_resources" name="test_featured_communities" time="2.163" /><testcase classname="tests.communities.test_resources" name="test_simple_flow_restricted_community" time="0.548" /><testcase classname="tests.communities.test_resources" name="test_permissions_modify_community_visibility" time="0.617" /><testcase classname="tests.communities.test_resources" name="test_permissions_modify_community_to_public" time="0.939" /><testcase classname="tests.communities.test_services" name="ISORT" time="0.125" /><testcase classname="tests.communities.test_services" name="black" time="0.337" /><testcase classname="tests.communities.test_services" name="test_search_featured" time="4.641" /><testcase classname="tests.communities.test_services" name="test_reindex_featured_entries_task" time="4.673" /><testcase classname="tests.communities.test_services" name="test_create_featured" time="0.231" /><testcase classname="tests.communities.test_services" name="test_get_featured" time="0.174" /><testcase classname="tests.communities.test_services" name="test_delete_featured" time="0.247" /><testcase classname="tests.communities.test_services" name="test_update_featured" time="0.246" /><testcase classname="tests.communities.test_services" name="test_cleanup_pre_search" time="1.734" /><testcase classname="tests.communities.test_services" name="test_search_user" time="2.794" /><testcase classname="tests.communities.test_services" name="test_search_community_requests" time="1.728" /><testcase classname="tests.communities.test_services" name="test_community_deletion" time="0.176" /><testcase classname="tests.communities.test_services" name="test_invalid_community_deletion_workflows" time="0.128" /><testcase classname="tests.communities.test_services" name="test_get_cached_community_slug" time="1.681" /><testcase classname="tests.communities.test_services" name="test_theme_updates" time="2.372" /><testcase classname="tests.communities.test_services" name="test_children_updates" time="1.791" /><testcase classname="tests.communities.test_services" name="test_parent_create" time="0.171" /><testcase classname="tests.communities.test_services" name="test_parent_update" time="0.228" /><testcase classname="tests.communities.test_services" name="test_parent_remove" time="0.248" /><testcase classname="tests.communities.test_services" name="test_update_parent_community_not_exists" time="0.100" /><testcase classname="tests.communities.test_services" name="test_parent_update_parent_children_not_allowed" time="0.166" /><testcase classname="tests.communities.test_services" name="test_parent_update_child_children_are_allowed" time="0.272" /><testcase classname="tests.communities.test_services" name="test_bulk_update_parent" time="0.450" /><testcase classname="tests.communities.test_services" name="test_bulk_update_parent_overwrite" time="0.751" /><testcase classname="tests.communities.test_subcommunities" name="ISORT" time="0.069" /><testcase classname="tests.communities.test_subcommunities" name="black" time="0.247" /><testcase classname="tests.communities.test_subcommunities" name="test_service_join_already_existing" time="3.328" /><testcase classname="tests.communities.test_subcommunities" name="test_service_join_with_new_community" time="1.328" /><testcase classname="tests.communities.test_subcommunities" name="test_service_join_permissions" time="0.522" /><testcase classname="tests.communities.test_subcommunities" name="test_subcommunity_simple_flow" time="1.072" /><testcase classname="tests.communities.test_subcommunities" name="test_subcommunity_existing_child_flow" time="1.341" /><testcase classname="tests.communities.test_tombstone" name="ISORT" time="0.036" /><testcase classname="tests.communities.test_tombstone" name="black" time="0.195" /><testcase classname="tests.communities.test_tombstone" name="test_tombstone_creation" time="2.240" /><testcase classname="tests.communities.test_tombstone" name="test_tombstone_invalid_removed_by" time="0.002" /><testcase classname="tests.communities.test_tombstone" name="test_tombstone_valid_removed_by" time="0.213" /><testcase classname="tests.communities.test_tombstone" name="test_community_deletion_status_default" time="0.002" /><testcase classname="tests.communities.test_tombstone" name="test_community_deletion_status_valid_values" time="0.002" /><testcase classname="tests.communities.test_tombstone" name="test_community_deletion_status_invalid_values" time="0.002" /><testcase classname="tests.communities.test_tombstone" name="test_community_deletion_status" time="0.403" /><testcase classname="tests.communities.test_ui" name="ISORT" time="0.014" /><testcase classname="tests.communities.test_ui" name="black" time="0.176" /><testcase classname="tests.communities.test_ui" name="test_template_loader" time="2.718" /><testcase classname="tests.communities.tests_views" name="PYDOCSTYLE" time="0.010" /><testcase classname="tests.communities.tests_views" name="ISORT" time="0.023" /><testcase classname="tests.communities.tests_views" name="black" time="0.184" /><testcase classname="tests.conftest" name="PYDOCSTYLE" time="0.050" /><testcase classname="tests.conftest" name="ISORT" time="0.110" /><testcase classname="tests.conftest" name="black" time="0.276" /><testcase classname="tests.members.__init__" name="PYDOCSTYLE" time="0.003" /><testcase classname="tests.members.__init__" name="ISORT" time="0.004" /><testcase classname="tests.members.__init__" name="black" time="0.162" /><testcase classname="tests.members.conftest" name="PYDOCSTYLE" time="0.011" /><testcase classname="tests.members.conftest" name="ISORT" time="0.023" /><testcase classname="tests.members.conftest" name="black" time="0.183" /><testcase classname="tests.members.test_members_components" name="ISORT" time="0.032" /><testcase classname="tests.members.test_members_components" name="black" time="0.204" /><testcase classname="tests.members.test_members_components" name="test_accept_invite_cache_clear" time="5.554" /><testcase classname="tests.members.test_members_components" name="test_member_delete_cache_clear" time="1.783" /><testcase classname="tests.members.test_members_components" name="test_member_add_cache_clear" time="1.708" /><testcase classname="tests.members.test_members_components" name="test_member_update_cache_clear" time="1.732" /><testcase classname="tests.members.test_members_components" name="test_group_actions_cache_clear" time="3.147" /><testcase classname="tests.members.test_members_no_groups" name="ISORT" time="0.014" /><testcase classname="tests.members.test_members_no_groups" name="black" time="0.174" /><testcase classname="tests.members.test_members_no_groups" name="test_invite_member_with_groups_disabled" time="3.478" /><testcase classname="tests.members.test_members_no_groups" name="test_add_member_with_groups_disabled[owner-owner]" time="0.412" /><testcase classname="tests.members.test_members_no_groups" name="test_add_member_with_groups_disabled[owner-manager]" time="0.382" /><testcase classname="tests.members.test_members_no_groups" name="test_add_member_with_groups_disabled[owner-curator]" time="0.406" /><testcase classname="tests.members.test_members_no_groups" name="test_add_member_with_groups_disabled[owner-reader]" time="0.379" /><testcase classname="tests.members.test_members_no_groups" name="test_add_member_with_groups_disabled[manager-manager]" time="0.401" /><testcase classname="tests.members.test_members_no_groups" name="test_add_member_with_groups_disabled[manager-curator]" time="0.395" /><testcase classname="tests.members.test_members_no_groups" name="test_add_member_with_groups_disabled[manager-reader]" time="0.767" /><testcase classname="tests.members.test_members_notifications" name="ISORT" time="0.056" /><testcase classname="tests.members.test_members_notifications" name="black" time="0.231" /><testcase classname="tests.members.test_members_notifications" name="test_community_invitation_submit_notification" time="4.795" /><testcase classname="tests.members.test_members_notifications" name="test_community_invitation_accept_notification" time="1.663" /><testcase classname="tests.members.test_members_notifications" name="test_community_invitation_cancel_notification" time="1.252" /><testcase classname="tests.members.test_members_notifications" name="test_community_invitation_decline_notification" time="2.528" /><testcase classname="tests.members.test_members_notifications" name="test_community_invitation_expire_notification" time="2.074" /><testcase classname="tests.members.test_members_resource" name="ISORT" time="0.069" /><testcase classname="tests.members.test_members_resource" name="black" time="0.254" /><testcase classname="tests.members.test_members_resource" name="test_add" time="3.256" /><testcase classname="tests.members.test_members_resource" name="test_add_denied" time="0.175" /><testcase classname="tests.members.test_members_resource" name="test_add_bad_data" time="0.061" /><testcase classname="tests.members.test_members_resource" name="test_add_invalid_member" time="0.067" /><testcase classname="tests.members.test_members_resource" name="test_add_duplicate" time="0.426" /><testcase classname="tests.members.test_members_resource" name="test_invite" time="0.961" /><testcase classname="tests.members.test_members_resource" name="test_invite_deny" time="0.366" /><testcase classname="tests.members.test_members_resource" name="test_update" time="0.435" /><testcase classname="tests.members.test_members_resource" name="test_update_invite" time="0.715" /><testcase classname="tests.members.test_members_resource" name="test_delete" time="0.414" /><testcase classname="tests.members.test_members_resource" name="test_search" time="1.051" /><testcase classname="tests.members.test_members_resource" name="test_search_public" time="0.738" /><testcase classname="tests.members.test_members_resource" name="test_search_invitation" time="1.084" /><testcase classname="tests.members.test_members_resource" name="test_post_membership_requests" time="0.711" /><testcase classname="tests.members.test_members_resource" name="test_put_membership_requests" time="1.316" /><testcase classname="tests.members.test_members_resource" name="test_error_handling_for_membership_requests" time="0.306" /><testcase classname="tests.members.test_members_resource" name="test_get_membership_requests" time="0.380" /><testcase classname="tests.members.test_members_services" name="ISORT" time="0.189" /><testcase classname="tests.members.test_members_services" name="black" time="0.417" /><testcase classname="tests.members.test_members_services" name="test_add_allowed[owner-owner]" time="3.186" /><testcase classname="tests.members.test_members_services" name="test_add_allowed[owner-manager]" time="0.408" /><testcase classname="tests.members.test_members_services" name="test_add_allowed[owner-curator]" time="0.419" /><testcase classname="tests.members.test_members_services" name="test_add_allowed[owner-reader]" time="0.393" /><testcase classname="tests.members.test_members_services" name="test_add_allowed[manager-manager]" time="0.425" /><testcase classname="tests.members.test_members_services" name="test_add_allowed[manager-curator]" time="0.396" /><testcase classname="tests.members.test_members_services" name="test_add_allowed[manager-reader]" time="0.416" /><testcase classname="tests.members.test_members_services" name="test_add_denied[manager-owner]" time="0.373" /><testcase classname="tests.members.test_members_services" name="test_add_denied[curator-owner]" time="0.444" /><testcase classname="tests.members.test_members_services" name="test_add_denied[curator-manager]" time="0.394" /><testcase classname="tests.members.test_members_services" name="test_add_denied[curator-curator]" time="0.373" /><testcase classname="tests.members.test_members_services" name="test_add_denied[curator-reader]" time="0.376" /><testcase classname="tests.members.test_members_services" name="test_add_denied[reader-owner]" time="0.404" /><testcase classname="tests.members.test_members_services" name="test_add_denied[reader-manager]" time="0.372" /><testcase classname="tests.members.test_members_services" name="test_add_denied[reader-curator]" time="1.509" /><testcase classname="tests.members.test_members_services" name="test_add_denied[reader-reader]" time="0.394" /><testcase classname="tests.members.test_members_services" name="test_add_duplicate" time="0.360" /><testcase classname="tests.members.test_members_services" name="test_add_invalid_member_type" time="0.444" /><testcase classname="tests.members.test_members_services" name="test_add_visible_property" time="0.347" /><testcase classname="tests.members.test_members_services" name="test_add_invalid_data" time="0.335" /><testcase classname="tests.members.test_members_services" name="test_invite" time="0.768" /><testcase classname="tests.members.test_members_services" name="test_invite_group_denied" time="0.342" /><testcase classname="tests.members.test_members_services" name="test_invite_already_member" time="2.540" /><testcase classname="tests.members.test_members_services" name="test_invite_with_message" time="0.666" /><testcase classname="tests.members.test_members_services" name="test_invite_view_request" time="1.116" /><testcase classname="tests.members.test_members_services" name="test_search_members" time="0.932" /><testcase classname="tests.members.test_members_services" name="test_scan_members" time="0.676" /><testcase classname="tests.members.test_members_services" name="test_search_public_members" time="0.823" /><testcase classname="tests.members.test_members_services" name="test_search_members_restricted" time="0.727" /><testcase classname="tests.members.test_members_services" name="test_search_members_visibility_restricted" time="0.721" /><testcase classname="tests.members.test_members_services" name="test_search_members_restricted_as_group" time="0.758" /><testcase classname="tests.members.test_members_services" name="test_read_memberships" time="0.733" /><testcase classname="tests.members.test_members_services" name="test_search_invitations" time="3.275" /><testcase classname="tests.members.test_members_services" name="test_invite_accept_flow" time="1.826" /><testcase classname="tests.members.test_members_services" name="test_invite_decline_flow" time="1.904" /><testcase classname="tests.members.test_members_services" name="test_invite_cancel_flow" time="1.465" /><testcase classname="tests.members.test_members_services" name="test_invite_actions_permissions" time="0.966" /><testcase classname="tests.members.test_members_services" name="test_leave_allowed[manager]" time="0.414" /><testcase classname="tests.members.test_members_services" name="test_leave_allowed[curator]" time="0.456" /><testcase classname="tests.members.test_members_services" name="test_leave_allowed[reader]" time="0.408" /><testcase classname="tests.members.test_members_services" name="test_leave_single_owner_denied" time="0.030" /><testcase classname="tests.members.test_members_services" name="test_leave_denied" time="0.665" /><testcase classname="tests.members.test_members_services" name="test_leave_owner_allowed" time="0.385" /><testcase classname="tests.members.test_members_services" name="test_delete_denied[manager-owner]" time="0.440" /><testcase classname="tests.members.test_members_services" name="test_delete_denied[curator-owner]" time="0.437" /><testcase classname="tests.members.test_members_services" name="test_delete_denied[curator-manager]" time="0.442" /><testcase classname="tests.members.test_members_services" name="test_delete_denied[curator-curator]" time="0.428" /><testcase classname="tests.members.test_members_services" name="test_delete_denied[curator-reader]" time="0.472" /><testcase classname="tests.members.test_members_services" name="test_delete_denied[reader-owner]" time="0.425" /><testcase classname="tests.members.test_members_services" name="test_delete_denied[reader-manager]" time="0.461" /><testcase classname="tests.members.test_members_services" name="test_delete_denied[reader-curator]" time="1.734" /><testcase classname="tests.members.test_members_services" name="test_delete_denied[reader-reader]" time="0.445" /><testcase classname="tests.members.test_members_services" name="test_delete_allowed[owner-owner]" time="0.453" /><testcase classname="tests.members.test_members_services" name="test_delete_allowed[owner-manager]" time="0.443" /><testcase classname="tests.members.test_members_services" name="test_delete_allowed[owner-curator]" time="0.458" /><testcase classname="tests.members.test_members_services" name="test_delete_allowed[owner-reader]" time="0.456" /><testcase classname="tests.members.test_members_services" name="test_delete_allowed[manager-manager]" time="0.459" /><testcase classname="tests.members.test_members_services" name="test_delete_allowed[manager-curator]" time="0.447" /><testcase classname="tests.members.test_members_services" name="test_delete_allowed[manager-reader]" time="0.456" /><testcase classname="tests.members.test_members_services" name="test_delete_member_type_group" time="0.380" /><testcase classname="tests.members.test_members_services" name="test_delete_invalid_member" time="0.031" /><testcase classname="tests.members.test_members_services" name="test_selfupdate_denied" time="0.338" /><testcase classname="tests.members.test_members_services" name="test_selfupdate_role_denied[owner]" time="0.409" /><testcase classname="tests.members.test_members_services" name="test_selfupdate_role_denied[manager]" time="0.413" /><testcase classname="tests.members.test_members_services" name="test_selfupdate_role_denied[curator]" time="0.400" /><testcase classname="tests.members.test_members_services" name="test_selfupdate_role_denied[reader]" time="0.390" /><testcase classname="tests.members.test_members_services" name="test_selfupdate_allow_visibility[owner]" time="0.465" /><testcase classname="tests.members.test_members_services" name="test_selfupdate_allow_visibility[manager]" time="0.442" /><testcase classname="tests.members.test_members_services" name="test_selfupdate_allow_visibility[curator]" time="0.447" /><testcase classname="tests.members.test_members_services" name="test_selfupdate_allow_visibility[reader]" time="1.744" /><testcase classname="tests.members.test_members_services" name="test_update_public_visibility_denied[owner-owner]" time="0.450" /><testcase classname="tests.members.test_members_services" name="test_update_public_visibility_denied[owner-manager]" time="0.457" /><testcase classname="tests.members.test_members_services" name="test_update_public_visibility_denied[owner-curator]" time="0.432" /><testcase classname="tests.members.test_members_services" name="test_update_public_visibility_denied[owner-reader]" time="0.437" /><testcase classname="tests.members.test_members_services" name="test_update_public_visibility_denied[manager-manager]" time="0.426" /><testcase classname="tests.members.test_members_services" name="test_update_public_visibility_denied[manager-curator]" time="0.455" /><testcase classname="tests.members.test_members_services" name="test_update_public_visibility_denied[manager-reader]" time="0.429" /><testcase classname="tests.members.test_members_services" name="test_update_public_visibility_of_group_allowed" time="0.376" /><testcase classname="tests.members.test_members_services" name="test_update_hidden_visibility_allowed[owner-owner]" time="0.479" /><testcase classname="tests.members.test_members_services" name="test_update_hidden_visibility_allowed[owner-manager]" time="0.438" /><testcase classname="tests.members.test_members_services" name="test_update_hidden_visibility_allowed[owner-curator]" time="0.476" /><testcase classname="tests.members.test_members_services" name="test_update_hidden_visibility_allowed[owner-reader]" time="0.438" /><testcase classname="tests.members.test_members_services" name="test_update_hidden_visibility_allowed[manager-manager]" time="0.484" /><testcase classname="tests.members.test_members_services" name="test_update_hidden_visibility_allowed[manager-curator]" time="0.450" /><testcase classname="tests.members.test_members_services" name="test_update_hidden_visibility_allowed[manager-reader]" time="0.453" /><testcase classname="tests.members.test_members_services" name="test_update_role_allowed[owner-owner-reader]" time="0.475" /><testcase classname="tests.members.test_members_services" name="test_update_role_allowed[owner-manager-reader]" time="0.445" /><testcase classname="tests.members.test_members_services" name="test_update_role_allowed[owner-curator-manager]" time="1.817" /><testcase classname="tests.members.test_members_services" name="test_update_role_allowed[owner-reader-curator]" time="0.447" /><testcase classname="tests.members.test_members_services" name="test_update_role_allowed[manager-manager-curator]" time="0.465" /><testcase classname="tests.members.test_members_services" name="test_update_role_allowed[manager-curator-manager]" time="0.443" /><testcase classname="tests.members.test_members_services" name="test_update_role_allowed[manager-reader-curator]" time="0.473" /><testcase classname="tests.members.test_members_services" name="test_update_role_denied[manager-owner-reader]" time="0.422" /><testcase classname="tests.members.test_members_services" name="test_update_role_denied[curator-owner-reader]" time="0.449" /><testcase classname="tests.members.test_members_services" name="test_update_role_denied[curator-manager-curator]" time="0.444" /><testcase classname="tests.members.test_members_services" name="test_update_role_denied[curator-curator-manager]" time="0.458" /><testcase classname="tests.members.test_members_services" name="test_update_role_denied[curator-reader-owner]" time="0.426" /><testcase classname="tests.members.test_members_services" name="test_update_role_denied[reader-owner-owner]" time="0.438" /><testcase classname="tests.members.test_members_services" name="test_update_role_denied[reader-manager-manager]" time="0.448" /><testcase classname="tests.members.test_members_services" name="test_update_role_denied[reader-curator-curator]" time="0.431" /><testcase classname="tests.members.test_members_services" name="test_update_role_denied[reader-reader-manager]" time="0.451" /><testcase classname="tests.members.test_members_services" name="test_update_invitation_role_allowed[owner-owner-reader]" time="0.758" /><testcase classname="tests.members.test_members_services" name="test_update_invitation_role_allowed[owner-manager-reader]" time="0.777" /><testcase classname="tests.members.test_members_services" name="test_update_invitation_role_allowed[owner-curator-manager]" time="0.733" /><testcase classname="tests.members.test_members_services" name="test_update_invitation_role_allowed[owner-reader-curator]" time="0.756" /><testcase classname="tests.members.test_members_services" name="test_update_invitation_role_allowed[manager-manager-curator]" time="2.035" /><testcase classname="tests.members.test_members_services" name="test_update_invitation_role_allowed[manager-curator-manager]" time="0.725" /><testcase classname="tests.members.test_members_services" name="test_update_invitation_role_allowed[manager-reader-curator]" time="0.748" /><testcase classname="tests.members.test_members_services" name="test_update_invitation_role_denied[manager-owner-reader]" time="0.690" /><testcase classname="tests.members.test_members_services" name="test_update_invitation_role_denied[curator-owner-reader]" time="0.710" /><testcase classname="tests.members.test_members_services" name="test_update_invitation_role_denied[curator-manager-curator]" time="0.671" /><testcase classname="tests.members.test_members_services" name="test_update_invitation_role_denied[curator-curator-manager]" time="0.683" /><testcase classname="tests.members.test_members_services" name="test_update_invitation_role_denied[curator-reader-owner]" time="0.685" /><testcase classname="tests.members.test_members_services" name="test_update_invitation_role_denied[reader-owner-owner]" time="0.697" /><testcase classname="tests.members.test_members_services" name="test_update_invitation_role_denied[reader-manager-manager]" time="0.681" /><testcase classname="tests.members.test_members_services" name="test_update_invitation_role_denied[reader-curator-curator]" time="0.676" /><testcase classname="tests.members.test_members_services" name="test_update_invitation_role_denied[reader-reader-manager]" time="0.692" /><testcase classname="tests.members.test_members_services" name="test_update_declined_invitation[decline]" time="7.483" /><testcase classname="tests.members.test_members_services" name="test_update_declined_invitation[cancel]" time="1.800" /><testcase classname="tests.members.test_members_services" name="test_update_declined_invitation[expire]" time="7.540" /><testcase classname="tests.members.test_members_services" name="test_update_role_must_have_owner" time="0.401" /><testcase classname="tests.members.test_members_services" name="test_update_invalid_data" time="0.071" /><testcase classname="tests.members.test_members_services" name="test_request_cancel_request_flow" time="2.188" /><testcase classname="tests.members.test_members_services" name="test_relation_update_propagation" time="1.202" /><testcase classname="tests.mock_module.__init__" name="PYDOCSTYLE" time="0.006" /><testcase classname="tests.mock_module.__init__" name="ISORT" time="1.392" /><testcase classname="tests.mock_module.__init__" name="black" time="0.170" /><testcase classname="tests.records.__init__" name="PYDOCSTYLE" time="0.003" /><testcase classname="tests.records.__init__" name="ISORT" time="0.004" /><testcase classname="tests.records.__init__" name="black" time="0.165" /><testcase classname="tests.records.conftest" name="PYDOCSTYLE" time="0.007" /><testcase classname="tests.records.conftest" name="ISORT" time="0.014" /><testcase classname="tests.records.conftest" name="black" time="0.173" /><testcase classname="tests.records.mock_module.__init__" name="PYDOCSTYLE" time="0.003" /><testcase classname="tests.records.mock_module.__init__" name="ISORT" time="0.003" /><testcase classname="tests.records.mock_module.__init__" name="black" time="0.165" /><testcase classname="tests.records.mock_module.api" name="PYDOCSTYLE" time="0.005" /><testcase classname="tests.records.mock_module.api" name="ISORT" time="0.012" /><testcase classname="tests.records.mock_module.api" name="black" time="0.166" /><testcase classname="tests.records.mock_module.jsonschemas.__init__" name="PYDOCSTYLE" time="0.003" /><testcase classname="tests.records.mock_module.jsonschemas.__init__" name="ISORT" time="0.003" /><testcase classname="tests.records.mock_module.jsonschemas.__init__" name="black" time="0.162" /><testcase classname="tests.records.mock_module.mappings.__init__" name="PYDOCSTYLE" time="0.004" /><testcase classname="tests.records.mock_module.mappings.__init__" name="ISORT" time="0.003" /><testcase classname="tests.records.mock_module.mappings.__init__" name="black" time="0.165" /><testcase classname="tests.records.mock_module.mappings.v6.__init__" name="PYDOCSTYLE" time="0.003" /><testcase classname="tests.records.mock_module.mappings.v6.__init__" name="ISORT" time="0.003" /><testcase classname="tests.records.mock_module.mappings.v6.__init__" name="black" time="0.167" /><testcase classname="tests.records.mock_module.mappings.v7.__init__" name="PYDOCSTYLE" time="0.003" /><testcase classname="tests.records.mock_module.mappings.v7.__init__" name="ISORT" time="0.003" /><testcase classname="tests.records.mock_module.mappings.v7.__init__" name="black" time="0.167" /><testcase classname="tests.records.mock_module.models" name="PYDOCSTYLE" time="0.005" /><testcase classname="tests.records.mock_module.models" name="ISORT" time="0.010" /><testcase classname="tests.records.mock_module.models" name="black" time="0.168" /><testcase classname="tests.records.test_mockrecords_api" name="ISORT" time="0.031" /><testcase classname="tests.records.test_mockrecords_api" name="black" time="0.198" /><testcase classname="tests.records.test_mockrecords_api" name="test_record_create_empty" time="2.688" /><testcase classname="tests.records.test_mockrecords_api" name="test_get" time="0.345" /><testcase classname="tests.records.test_mockrecords_api" name="test_add" time="0.332" /><testcase classname="tests.records.test_mockrecords_api" name="test_add_existing" time="0.321" /><testcase classname="tests.records.test_mockrecords_api" name="test_len_contains" time="0.337" /><testcase classname="tests.records.test_mockrecords_api" name="test_remove" time="0.341" /><testcase classname="tests.records.test_mockrecords_api" name="test_iter" time="0.328" /><testcase classname="tests.records.test_mockrecords_api" name="test_ids" time="0.327" /><testcase classname="tests.records.test_mockrecords_api" name="test_change_default" time="0.341" /><testcase classname="tests.records.test_mockrecords_api" name="test_clear" time="0.333" /><testcase classname="tests.records.test_mockrecords_api" name="test_refresh" time="0.735" /><testcase classname="tests.test_notifications" name="ISORT" time="0.015" /><testcase classname="tests.test_notifications" name="black" time="0.172" /><testcase classname="tests.test_notifications" name="test_user_recipient_generator" time="4.605" /></testsuite></testsuites>