<?xml version="1.0" encoding="utf-8"?><testsuites name="pytest tests"><testsuite name="pytest" errors="0" failures="0" skipped="1" tests="63" time="9.253" timestamp="2025-11-18T19:00:48.069234+00:00" hostname="runnervmg1sw1"><testcase classname="docs.conf" name="PYDOCSTYLE" time="0.011" /><testcase classname="docs.conf" name="ISORT" time="0.118" /><testcase classname="docs.conf" name="black" time="0.321" /><testcase classname="tests.conftest" name="PYDOCSTYLE" time="0.014" /><testcase classname="tests.conftest" name="ISORT" time="0.033" /><testcase classname="tests.conftest" name="black" time="0.171" /><testcase classname="tests.test_api" name="ISORT" time="0.043" /><testcase classname="tests.test_api" name="black" time="0.188" /><testcase classname="tests.test_api" name="test_405_methods" time="0.503" /><testcase classname="tests.test_api" name="test_webhook_post_unregistered" time="0.344" /><testcase classname="tests.test_api" name="test_webhook_post" time="0.341" /><testcase classname="tests.test_api" name="test_webhook_post_no_token" time="0.439" /><testcase classname="tests.test_api" name="test_405_methods_no_scope" time="0.342" /><testcase classname="tests.test_api" name="test_webhook_post_no_scope" time="0.324" /><testcase classname="tests.test_api" name="test_event_api" time="0.367" /><testcase classname="tests.test_invenio_webhooks" name="ISORT" time="0.017" /><testcase classname="tests.test_invenio_webhooks" name="black" time="0.159" /><testcase classname="tests.test_invenio_webhooks" name="test_version" time="0.001" /><testcase classname="tests.test_invenio_webhooks" name="test_init" time="0.041" /><testcase classname="tests.test_invenio_webhooks" name="test_alembic" time="0.000"><skipped type="pytest.skip" message="caused by missing key">/home/runner/work/invenio-bug-verification/invenio-bug-verification/package-repo/tests/test_invenio_webhooks.py:56: caused by missing key</skipped></testcase><testcase classname="tests.test_invenio_webhooks" name="test_view" time="0.303" /><testcase classname="tests.test_receivers" name="ISORT" time="0.036" /><testcase classname="tests.test_receivers" name="black" time="0.187" /><testcase classname="tests.test_receivers" name="test_run_must_be_implemeted" time="0.001" /><testcase classname="tests.test_receivers" name="test_receiver_registration" time="0.631" /><testcase classname="tests.test_receivers" name="test_unknown_receiver" time="0.298" /><testcase classname="tests.test_receivers" name="test_hookurl" time="0.294" /><testcase classname="tests.test_receivers" name="test_signature_checking" time="0.303" /><testcase classname="tests.test_receivers" name="test_event_deletion" time="0.296" /><testcase classname="tests.test_receivers" name="test_event_status" time="0.316" /><testcase classname="invenio_webhooks.__init__" name="PYDOCSTYLE" time="0.003" /><testcase classname="invenio_webhooks.__init__" name="ISORT" time="0.008" /><testcase classname="invenio_webhooks.__init__" name="black" time="0.153" /><testcase classname="invenio_webhooks._compat" name="PYDOCSTYLE" time="0.004" /><testcase classname="invenio_webhooks._compat" name="ISORT" time="0.010" /><testcase classname="invenio_webhooks._compat" name="black" time="0.149" /><testcase classname="invenio_webhooks.alembic.469925575192_create_webhooks_branch" name="PYDOCSTYLE" time="0.004" /><testcase classname="invenio_webhooks.alembic.469925575192_create_webhooks_branch" name="ISORT" time="0.009" /><testcase classname="invenio_webhooks.alembic.469925575192_create_webhooks_branch" name="black" time="0.150" /><testcase classname="invenio_webhooks.alembic.a095bd179f5c_create_webhooks_tables" name="PYDOCSTYLE" time="0.007" /><testcase classname="invenio_webhooks.alembic.a095bd179f5c_create_webhooks_tables" name="ISORT" time="0.016" /><testcase classname="invenio_webhooks.alembic.a095bd179f5c_create_webhooks_tables" name="black" time="0.160" /><testcase classname="invenio_webhooks.config" name="PYDOCSTYLE" time="0.002" /><testcase classname="invenio_webhooks.config" name="ISORT" time="0.005" /><testcase classname="invenio_webhooks.config" name="black" time="0.148" /><testcase classname="invenio_webhooks.errors" name="PYDOCSTYLE" time="0.004" /><testcase classname="invenio_webhooks.errors" name="ISORT" time="0.006" /><testcase classname="invenio_webhooks.errors" name="black" time="0.148" /><testcase classname="invenio_webhooks.ext" name="PYDOCSTYLE" time="0.008" /><testcase classname="invenio_webhooks.ext" name="ISORT" time="0.013" /><testcase classname="invenio_webhooks.ext" name="black" time="0.158" /><testcase classname="invenio_webhooks.models" name="PYDOCSTYLE" time="0.024" /><testcase classname="invenio_webhooks.models" name="ISORT" time="0.041" /><testcase classname="invenio_webhooks.models" name="black" time="0.188" /><testcase classname="invenio_webhooks.proxies" name="PYDOCSTYLE" time="0.003" /><testcase classname="invenio_webhooks.proxies" name="ISORT" time="0.008" /><testcase classname="invenio_webhooks.proxies" name="black" time="0.147" /><testcase classname="invenio_webhooks.signatures" name="PYDOCSTYLE" time="0.006" /><testcase classname="invenio_webhooks.signatures" name="ISORT" time="0.010" /><testcase classname="invenio_webhooks.signatures" name="black" time="0.152" /><testcase classname="invenio_webhooks.views" name="PYDOCSTYLE" time="0.016" /><testcase classname="invenio_webhooks.views" name="ISORT" time="0.031" /><testcase classname="invenio_webhooks.views" name="black" time="0.175" /></testsuite></testsuites>